Script started on 2022-06-08 03:09:04+08:00 [TERM="screen.xterm-256color" TTY="/dev/pts/6" COLUMNS="153" LINES="45"]
(base) [01;32masunalxh@ubuntu[00m:[01;34m~/gRPC_Orion[00m$ bash run.sh 
/home/asunalxh/data/enron.txt

======== Start Addition ========
Total bucket count 8191
Tree height 12
Total numBucketLeaf 4096
Total bucket count 8191
Tree height 12
Total numBucketLeaf 4096

-------- add 10000 files--------
åŒ…æ‹¬åˆå§‹åŒ–æ€»ç”¨æ—¶ï¼š 305590176766 ns
æ’å…¥æ€»ç”¨æ—¶ï¼š 305210983859 ns
è°ƒç”¨GetData 7835078 æ¬¡ å…±è€—æ—¶ 44475813243 ns å‘é€ 37272350 è¿”å› 2959756444
è°ƒç”¨PutData 7851460 æ¬¡ï¼Œå…±è€—æ—¶ 161710672592 ns å‘é€ 2965948580 è¿”å› 0
ä¼ é€åŠ å¯†åæ–‡ä»¶å…±è€—æ—¶ 4878964 ns å‘é€ 510088 è¿”å› 0
è°ƒç”¨GetDataå…±è€—æ—¶ 42710972657 ns
è°ƒç”¨PutDataå…±è€—æ—¶ 159969295482 ns
æ¥å—åŠ å¯†æ•°æ®æ–‡ä»¶å…±è€—æ—¶ 1845951 ns
/home/asunalxh/data/enron.txt

======== Start Addition ========
Total bucket count 511
Tree height 8
Total numBucketLeaf 256
Total bucket count 511
Tree height 8
Total numBucketLeaf 256
åŒ…æ‹¬åˆå§‹åŒ–æ€»ç”¨æ—¶ï¼š 10202490883 ns
æ’å…¥æ€»ç”¨æ—¶ï¼š 10178603034 ns
è°ƒç”¨GetData 284965 æ¬¡ å…±è€—æ—¶ 1563826799 ns å‘é€ 1263992 è¿”å› 107555937
è°ƒç”¨PutData 285987 æ¬¡ï¼Œå…±è€—æ—¶ 5829766879 ns å‘é€ 107941993 è¿”å› 0
ä¼ é€åŠ å¯†åæ–‡ä»¶å…±è€—æ—¶ 443425 ns å‘é€ 50716 è¿”å› 0
è°ƒç”¨GetDataå…±è€—æ—¶ 1502024516 ns
è°ƒç”¨PutDataå…±è€—æ—¶ 5768106784 ns
æ¥å—åŠ å¯†æ•°æ®æ–‡ä»¶å…±è€—æ—¶ 169661 ns
/home/asunalxh/data/enron.txt

======== Start Addition ========
Total bucket count 63
Tree height 5
Total numBucketLeaf 32
Total bucket count 63
Tree height 5
Total numBucketLeaf 32
åŒ…æ‹¬åˆå§‹åŒ–æ€»ç”¨æ—¶ï¼š 307823829 ns
æ’å…¥æ€»ç”¨æ—¶ï¼š 304389859 ns
è°ƒç”¨GetData 8753 æ¬¡ å…±è€—æ—¶ 47960484 ns å‘é€ 34612 è¿”å› 3299481
è°ƒç”¨PutData 8879 æ¬¡ï¼Œå…±è€—æ—¶ 181250742 ns å‘é€ 3346979 è¿”å› 0
ä¼ é€åŠ å¯†åæ–‡ä»¶å…±è€—æ—¶ 41928 ns å‘é€ 5076 è¿”å› 0
è°ƒç”¨GetDataå…±è€—æ—¶ 46086676 ns
è°ƒç”¨PutDataå…±è€—æ—¶ 179302267 ns
æ¥å—åŠ å¯†æ•°æ®æ–‡ä»¶å…±è€—æ—¶ 16255 ns
/home/asunalxh/data/wiki.txt

======== Start Addition ========
Total bucket count 8191
Tree height 12
Total numBucketLeaf 4096
Total bucket count 8191
Tree height 12
Total numBucketLeaf 4096

-------- add 10000 files--------
åŒ…æ‹¬åˆå§‹åŒ–æ€»ç”¨æ—¶ï¼š 327263700904 ns
æ’å…¥æ€»ç”¨æ—¶ï¼š 326885970873 ns
è°ƒç”¨GetData 7834909 æ¬¡ å…±è€—æ—¶ 47818338305 ns å‘é€ 37271733 è¿”å› 2959692790
è°ƒç”¨PutData 7851291 æ¬¡ï¼Œå…±è€—æ—¶ 168353869900 ns å‘é€ 2965884926 è¿”å› 0
ä¼ é€åŠ å¯†åæ–‡ä»¶å…±è€—æ—¶ 5377793 ns å‘é€ 516792 è¿”å› 0
è°ƒç”¨GetDataå…±è€—æ—¶ 45743355792 ns
è°ƒç”¨PutDataå…±è€—æ—¶ 166075805286 ns
æ¥å—åŠ å¯†æ•°æ®æ–‡ä»¶å…±è€—æ—¶ 1828786 ns
/home/asunalxh/data/wiki.txt

======== Start Addition ========
Total bucket count 511
Tree height 8
Total numBucketLeaf 256
Total bucket count 511
Tree height 8
Total numBucketLeaf 256
åŒ…æ‹¬åˆå§‹åŒ–æ€»ç”¨æ—¶ï¼š 11434127372 ns
æ’å…¥æ€»ç”¨æ—¶ï¼š 11408160729 ns
è°ƒç”¨GetData 285511 æ¬¡ å…±è€—æ—¶ 1784571679 ns å‘é€ 1266368 è¿”å› 107761971
è°ƒç”¨PutData 286533 æ¬¡ï¼Œå…±è€—æ—¶ 6345371079 ns å‘é€ 108148027 è¿”å› 0
ä¼ é€åŠ å¯†åæ–‡ä»¶å…±è€—æ—¶ 511268 ns å‘é€ 51964 è¿”å› 0
è°ƒç”¨GetDataå…±è€—æ—¶ 1716635506 ns
è°ƒç”¨PutDataå…±è€—æ—¶ 6272665026 ns
æ¥å—åŠ å¯†æ•°æ®æ–‡ä»¶å…±è€—æ—¶ 178950 ns
/home/asunalxh/data/wiki.txt

======== Start Addition ========
Total bucket count 63
Tree height 5
Total numBucketLeaf 32
Total bucket count 63
Tree height 5
Total numBucketLeaf 32
åŒ…æ‹¬åˆå§‹åŒ–æ€»ç”¨æ—¶ï¼š 347864004 ns
æ’å…¥æ€»ç”¨æ—¶ï¼š 344131580 ns
è°ƒç”¨GetData 8775 æ¬¡ å…±è€—æ—¶ 55115291 ns å‘é€ 34700 è¿”å› 3307775
è°ƒç”¨PutData 8901 æ¬¡ï¼Œå…±è€—æ—¶ 197523149 ns å‘é€ 3355273 è¿”å› 0
ä¼ é€åŠ å¯†åæ–‡ä»¶å…±è€—æ—¶ 47498 ns å‘é€ 5204 è¿”å› 0
è°ƒç”¨GetDataå…±è€—æ—¶ 52928025 ns
è°ƒç”¨PutDataå…±è€—æ—¶ 195293110 ns
æ¥å—åŠ å¯†æ•°æ®æ–‡ä»¶å…±è€—æ—¶ 17331 ns
(base) [01;32masunalxh@ubuntu[00m:[01;34m~/gRPC_Orion[00m$ exit
exit

Script done on 2022-06-08 03:29:44+08:00 [COMMAND_EXIT_CODE="0"]
