Script started on 2022-06-06 18:32:06+08:00 [TERM="screen.xterm-256color" TTY="/dev/pts/0" COLUMNS="120" LINES="30"]
(base) [01;32masunalxh@ubuntu[00m:[01;34m~/gRPC_Orion[00m$ bash run.sh 
/home/asunalxh/data/crimePtype.txt

======== Start Addition ========
Total bucket count 8191
Tree height 12
Total numBucketLeaf 4096
Total bucket count 8191
Tree height 12
Total numBucketLeaf 4096

-------- add 10000 files--------
åŒ…æ‹¬åˆå§‹åŒ–æ€»ç”¨æ—¶ï¼š 350357130104 ns
æ’å…¥æ€»ç”¨æ—¶ï¼š 349918445755 ns
è°ƒç”¨GetData 7835536 æ¬¡ å…±è€—æ—¶ 51666896436 ns å‘é€ 37274765 è¿”å› 2959929693
è°ƒç”¨PutData 7851918 æ¬¡ï¼Œå…±è€—æ—¶ 181004946730 ns å‘é€ 2966121829 è¿”å› 0
ä¼ é€åŠ å¯†åæ–‡ä»¶å…±è€—æ—¶ 5514607 ns å‘é€ 530729 è¿”å› 0
è°ƒç”¨GetDataå…±è€—æ—¶ 49748521098 ns
è°ƒç”¨PutDataå…±è€—æ—¶ 178987561709 ns
æ¥å—åŠ å¯†æ•°æ®æ–‡ä»¶å…±è€—æ—¶ 1975093 ns
/home/asunalxh/data/crimePtype.txt

======== Start Addition ========
Total bucket count 511
Tree height 8
Total numBucketLeaf 256
Total bucket count 511
Tree height 8
Total numBucketLeaf 256
åŒ…æ‹¬åˆå§‹åŒ–æ€»ç”¨æ—¶ï¼š 11580965762 ns
æ’å…¥æ€»ç”¨æ—¶ï¼š 11554150515 ns
è°ƒç”¨GetData 285886 æ¬¡ å…±è€—æ—¶ 1806589612 ns å‘é€ 1267975 è¿”å› 107903453
è°ƒç”¨PutData 286908 æ¬¡ï¼Œå…±è€—æ—¶ 6416724472 ns å‘é€ 108289509 è¿”å› 0
ä¼ é€åŠ å¯†åæ–‡ä»¶å…±è€—æ—¶ 503092 ns å‘é€ 53201 è¿”å› 0
è°ƒç”¨GetDataå…±è€—æ—¶ 1737705265 ns
è°ƒç”¨PutDataå…±è€—æ—¶ 6347400705 ns
æ¥å—åŠ å¯†æ•°æ®æ–‡ä»¶å…±è€—æ—¶ 190033 ns
/home/asunalxh/data/crimePtype.txt

======== Start Addition ========
Total bucket count 63
Tree height 5
Total numBucketLeaf 32
Total bucket count 63
Tree height 5
Total numBucketLeaf 32
åŒ…æ‹¬åˆå§‹åŒ–æ€»ç”¨æ—¶ï¼š 346252167 ns
æ’å…¥æ€»ç”¨æ—¶ï¼š 342667879 ns
è°ƒç”¨GetData 8835 æ¬¡ å…±è€—æ—¶ 55118434 ns å‘é€ 34940 è¿”å› 3330395
è°ƒç”¨PutData 8961 æ¬¡ï¼Œå…±è€—æ—¶ 199069506 ns å‘é€ 3377893 è¿”å› 0
ä¼ é€åŠ å¯†åæ–‡ä»¶å…±è€—æ—¶ 46934 ns å‘é€ 5152 è¿”å› 0
è°ƒç”¨GetDataå…±è€—æ—¶ 52977320 ns
è°ƒç”¨PutDataå…±è€—æ—¶ 196855456 ns
æ¥å—åŠ å¯†æ•°æ®æ–‡ä»¶å…±è€—æ—¶ 17784 ns
/home/asunalxh/data/lineshipdate.txt

======== Start Addition ========
Total bucket count 8191
Tree height 12
Total numBucketLeaf 4096
Total bucket count 8191
Tree height 12
Total numBucketLeaf 4096

-------- add 10000 files--------
åŒ…æ‹¬åˆå§‹åŒ–æ€»ç”¨æ—¶ï¼š 346249063469 ns
æ’å…¥æ€»ç”¨æ—¶ï¼š 345838590778 ns
è°ƒç”¨GetData 7835095 æ¬¡ å…±è€—æ—¶ 50657444900 ns å‘é€ 37272318 è¿”å› 2959762753
è°ƒç”¨PutData 7851477 æ¬¡ï¼Œå…±è€—æ—¶ 179360227609 ns å‘é€ 2965954889 è¿”å› 0
ä¼ é€åŠ å¯†åæ–‡ä»¶å…±è€—æ—¶ 5555531 ns å‘é€ 579873 è¿”å› 0
è°ƒç”¨GetDataå…±è€—æ—¶ 48785867765 ns
è°ƒç”¨PutDataå…±è€—æ—¶ 177352374197 ns
æ¥å—åŠ å¯†æ•°æ®æ–‡ä»¶å…±è€—æ—¶ 1982150 ns
/home/asunalxh/data/lineshipdate.txt

======== Start Addition ========
Total bucket count 63
Tree height 5
Total numBucketLeaf 32
Total bucket count 63
Tree height 5
Total numBucketLeaf 32
åŒ…æ‹¬åˆå§‹åŒ–æ€»ç”¨æ—¶ï¼š 5277775158 ns
æ’å…¥æ€»ç”¨æ—¶ï¼š 5274162220 ns
è°ƒç”¨GetData 91311 æ¬¡ å…±è€—æ—¶ 572664751 ns å‘é€ 361244 è¿”å› 34420247
è°ƒç”¨PutData 91437 æ¬¡ï¼Œå…±è€—æ—¶ 2050942002 ns å‘é€ 34467745 è¿”å› 0
ä¼ é€åŠ å¯†åæ–‡ä»¶å…±è€—æ—¶ 472398 ns å‘é€ 57873 è¿”å› 0
è°ƒç”¨GetDataå…±è€—æ—¶ 550348456 ns
è°ƒç”¨PutDataå…±è€—æ—¶ 2027997867 ns
æ¥å—åŠ å¯†æ•°æ®æ–‡ä»¶å…±è€—æ—¶ 174850 ns
/home/asunalxh/data/lineshipdate.txt

======== Start Addition ========
Total bucket count 63
Tree height 5
Total numBucketLeaf 32
Total bucket count 63
Tree height 5
Total numBucketLeaf 32
åŒ…æ‹¬åˆå§‹åŒ–æ€»ç”¨æ—¶ï¼š 346124992 ns
æ’å…¥æ€»ç”¨æ—¶ï¼š 342452996 ns
è°ƒç”¨GetData 8826 æ¬¡ å…±è€—æ—¶ 54830182 ns å‘é€ 34904 è¿”å› 3327002
è°ƒç”¨PutData 8952 æ¬¡ï¼Œå…±è€—æ—¶ 198486019 ns å‘é€ 3374500 è¿”å› 0
ä¼ é€åŠ å¯†åæ–‡ä»¶å…±è€—æ—¶ 46769 ns å‘é€ 5700 è¿”å› 0
è°ƒç”¨GetDataå…±è€—æ—¶ 52653682 ns
è°ƒç”¨PutDataå…±è€—æ—¶ 196315664 ns
æ¥å—åŠ å¯†æ•°æ®æ–‡ä»¶å…±è€—æ—¶ 17744 ns
(base) [01;32masunalxh@ubuntu[00m:[01;34m~/gRPC_Orion[00m$ exit
exit

Script done on 2022-06-06 18:48:32+08:00 [COMMAND_EXIT_CODE="0"]
