Script started on 2022-06-05 04:45:21+08:00 [TERM="screen.xterm-256color" TTY="/dev/pts/0" COLUMNS="120" LINES="30"]
(base) [01;32masunalxh@ubuntu[00m:[01;34m~/gRPC_Orion[00m$ bash run.sh 
/home/asunalxh/data/enron.txt

======== Start Addition ========
Total bucket count 65535
Tree height 15
Total numBucketLeaf 32768
Total bucket count 65535
Tree height 15
Total numBucketLeaf 32768

-------- add 10000 files--------

-------- add 20000 files--------

-------- add 30000 files--------

-------- add 40000 files--------

-------- add 50000 files--------

-------- add 60000 files--------

-------- add 70000 files--------

-------- add 80000 files--------

-------- add 90000 files--------

-------- add 100000 files--------
åŒ…æ‹¬åˆå§‹åŒ–æ€»ç”¨æ—¶ï¼š 5908000371106 ns
æ’å…¥æ€»ç”¨æ—¶ï¼š 5904989221055 ns
è°ƒç”¨GetData 132845086 æ¬¡ å…±è€—æ—¶ 786629572624 ns å‘é€ 670069114 è¿”å› 50221286192
è°ƒç”¨PutData 132976156 æ¬¡ï¼Œå…±è€—æ—¶ 2822596065127 ns å‘é€ 50270928694 è¿”å› 0
ä¼ é€åŠ å¯†åæ–‡ä»¶å…±è€—æ—¶ 48306276 ns å‘é€ 5198769 è¿”å› 0
è°ƒç”¨GetDataå…±è€—æ—¶ 756887607627 ns
è°ƒç”¨PutDataå…±è€—æ—¶ 2793272093084 ns
æ¥å—åŠ å¯†æ•°æ®æ–‡ä»¶å…±è€—æ—¶ 17134403 ns

======== Deleting doc ========

--------del 10000 files Time: 1046318422258 ms --------
è°ƒç”¨GetData 24497374 æ¬¡ å…±è€—æ—¶ 142252503322 ns å‘é€ 122954914 è¿”å› 9260475416
è°ƒç”¨PutData 24497374 æ¬¡ï¼Œå…±è€—æ—¶ 513125910286 ns å‘é€ 9260475416 è¿”å› 0
ä¼ é€åŠ å¯†åæ–‡ä»¶å…±è€—æ—¶ 0 ns å‘é€ 0 è¿”å› 0
è°ƒç”¨GetDataå…±è€—æ—¶ 136834117603 ns
è°ƒç”¨PutDataå…±è€—æ—¶ 507782627977 ns
æ¥å—åŠ å¯†æ•°æ®æ–‡ä»¶å…±è€—æ—¶ 0 ns

--------del 20000 files Time: 2065492519351 ms --------
è°ƒç”¨GetData 48155730 æ¬¡ å…±è€—æ—¶ 280194029307 ns å‘é€ 241690360 è¿”å› 18203777650
è°ƒç”¨PutData 48155730 æ¬¡ï¼Œå…±è€—æ—¶ 1009768625918 ns å‘é€ 18203777650 è¿”å› 0
ä¼ é€åŠ å¯†åæ–‡ä»¶å…±è€—æ—¶ 0 ns å‘é€ 0 è¿”å› 0
è°ƒç”¨GetDataå…±è€—æ—¶ 269527257412 ns
è°ƒç”¨PutDataå…±è€—æ—¶ 999212670265 ns
æ¥å—åŠ å¯†æ•°æ®æ–‡ä»¶å…±è€—æ—¶ 0 ns

--------del 30000 files Time: 3146479295221 ms --------
è°ƒç”¨GetData 72428036 æ¬¡ å…±è€—æ—¶ 427064904426 ns å‘é€ 363511777 è¿”å› 27379169205
è°ƒç”¨PutData 72428036 æ¬¡ï¼Œå…±è€—æ—¶ 1533036402346 ns å‘é€ 27379169205 è¿”å› 0
ä¼ é€åŠ å¯†åæ–‡ä»¶å…±è€—æ—¶ 0 ns å‘é€ 0 è¿”å› 0
è°ƒç”¨GetDataå…±è€—æ—¶ 410848823476 ns
è°ƒç”¨PutDataå…±è€—æ—¶ 1516989230729 ns
æ¥å—åŠ å¯†æ•°æ®æ–‡ä»¶å…±è€—æ—¶ 0 ns

--------del 40000 files Time: 4181799370557 ms --------
è°ƒç”¨GetData 96389106 æ¬¡ å…±è€—æ—¶ 566258326647 ns å‘é€ 483766869 è¿”å› 36436903407
è°ƒç”¨PutData 96389106 æ¬¡ï¼Œå…±è€—æ—¶ 2034719832154 ns å‘é€ 36436903407 è¿”å› 0
ä¼ é€åŠ å¯†åæ–‡ä»¶å…±è€—æ—¶ 0 ns å‘é€ 0 è¿”å› 0
è°ƒç”¨GetDataå…±è€—æ—¶ 544735481548 ns
è°ƒç”¨PutDataå…±è€—æ—¶ 2013451964028 ns
æ¥å—åŠ å¯†æ•°æ®æ–‡ä»¶å…±è€—æ—¶ 0 ns

--------del 50000 files Time: 5231997631757 ms --------
è°ƒç”¨GetData 120697414 æ¬¡ å…±è€—æ—¶ 707103937004 ns å‘é€ 605767824 è¿”å› 45625903246
è°ƒç”¨PutData 120697414 æ¬¡ï¼Œå…±è€—æ—¶ 2542871275454 ns å‘é€ 45625903246 è¿”å› 0
ä¼ é€åŠ å¯†åæ–‡ä»¶å…±è€—æ—¶ 0 ns å‘é€ 0 è¿”å› 0
è°ƒç”¨GetDataå…±è€—æ—¶ 680221405817 ns
è°ƒç”¨PutDataå…±è€—æ—¶ 2516323806934 ns
æ¥å—åŠ å¯†æ•°æ®æ–‡ä»¶å…±è€—æ—¶ 0 ns

--------del 60000 files Time: 6312477916740 ms --------
è°ƒç”¨GetData 145468567 æ¬¡ å…±è€—æ—¶ 851362740355 ns å‘é€ 730095400 è¿”å› 54989870891
è°ƒç”¨PutData 145468567 æ¬¡ï¼Œå…±è€—æ—¶ 3062333690558 ns å‘é€ 54989870891 è¿”å› 0
ä¼ é€åŠ å¯†åæ–‡ä»¶å…±è€—æ—¶ 0 ns å‘é€ 0 è¿”å› 0
è°ƒç”¨GetDataå…±è€—æ—¶ 818995103087 ns
è°ƒç”¨PutDataå…±è€—æ—¶ 3030378698693 ns
æ¥å—åŠ å¯†æ•°æ®æ–‡ä»¶å…±è€—æ—¶ 0 ns

--------del 70000 files Time: 7375208581029 ms --------
è°ƒç”¨GetData 169905835 æ¬¡ å…±è€—æ—¶ 993094063217 ns å‘é€ 852746033 è¿”å› 64227622488
è°ƒç”¨PutData 169905835 æ¬¡ï¼Œå…±è€—æ—¶ 3573454109112 ns å‘é€ 64227622488 è¿”å› 0
ä¼ é€åŠ å¯†åæ–‡ä»¶å…±è€—æ—¶ 0 ns å‘é€ 0 è¿”å› 0
è°ƒç”¨GetDataå…±è€—æ—¶ 955330769318 ns
è°ƒç”¨PutDataå…±è€—æ—¶ 3536169715834 ns
æ¥å—åŠ å¯†æ•°æ®æ–‡ä»¶å…±è€—æ—¶ 0 ns

--------del 80000 files Time: 8421633187573 ms --------
è°ƒç”¨GetData 193812627 æ¬¡ å…±è€—æ—¶ 1133067173204 ns å‘é€ 972730669 è¿”å› 73264840540
è°ƒç”¨PutData 193812627 æ¬¡ï¼Œå…±è€—æ—¶ 4076389080558 ns å‘é€ 73264840540 è¿”å› 0
ä¼ é€åŠ å¯†åæ–‡ä»¶å…±è€—æ—¶ 0 ns å‘é€ 0 è¿”å› 0
è°ƒç”¨GetDataå…±è€—æ—¶ 1089986387939 ns
è°ƒç”¨PutDataå…±è€—æ—¶ 4033849379418 ns
æ¥å—åŠ å¯†æ•°æ®æ–‡ä»¶å…±è€—æ—¶ 0 ns

--------del 90000 files Time: 9459789480584 ms --------
è°ƒç”¨GetData 217448329 æ¬¡ å…±è€—æ—¶ 1272114415305 ns å‘é€ 1091355210 è¿”å› 82199581927
è°ƒç”¨PutData 217448329 æ¬¡ï¼Œå…±è€—æ—¶ 4575302292516 ns å‘é€ 82199581927 è¿”å› 0
ä¼ é€åŠ å¯†åæ–‡ä»¶å…±è€—æ—¶ 0 ns å‘é€ 0 è¿”å› 0
è°ƒç”¨GetDataå…±è€—æ—¶ 1223763595773 ns
è°ƒç”¨PutDataå…±è€—æ—¶ 4527546278074 ns
æ¥å—åŠ å¯†æ•°æ®æ–‡ä»¶å…±è€—æ—¶ 0 ns
/home/asunalxh/data/wiki.txt

======== Start Addition ========
Total bucket count 65535
Tree height 15
Total numBucketLeaf 32768
Total bucket count 65535
Tree height 15
Total numBucketLeaf 32768

-------- add 10000 files--------

-------- add 20000 files--------

-------- add 30000 files--------

-------- add 40000 files--------

-------- add 50000 files--------

-------- add 60000 files--------

-------- add 70000 files--------

-------- add 80000 files--------

-------- add 90000 files--------

-------- add 100000 files--------
åŒ…æ‹¬åˆå§‹åŒ–æ€»ç”¨æ—¶ï¼š 5941512574831 ns
æ’å…¥æ€»ç”¨æ—¶ï¼š 5938387087840 ns
è°ƒç”¨GetData 132844578 æ¬¡ å…±è€—æ—¶ 776696992988 ns å‘é€ 670065057 è¿”å› 50221092651
è°ƒç”¨PutData 132975648 æ¬¡ï¼Œå…±è€—æ—¶ 2830086615768 ns å‘é€ 50270735153 è¿”å› 0
ä¼ é€åŠ å¯†åæ–‡ä»¶å…±è€—æ—¶ 51050586 ns å‘é€ 5165261 è¿”å› 0
è°ƒç”¨GetDataå…±è€—æ—¶ 746482430465 ns
è°ƒç”¨PutDataå…±è€—æ—¶ 2799523524430 ns
æ¥å—åŠ å¯†æ•°æ®æ–‡ä»¶å…±è€—æ—¶ 18073259 ns

======== Deleting doc ========

--------del 10000 files Time: 1006326006401 ms --------
è°ƒç”¨GetData 23000379 æ¬¡ å…±è€—æ—¶ 135367302162 ns å‘é€ 115432484 è¿”å› 8694573851
è°ƒç”¨PutData 23000379 æ¬¡ï¼Œå…±è€—æ—¶ 489577177897 ns å‘é€ 8694573851 è¿”å› 0
ä¼ é€åŠ å¯†åæ–‡ä»¶å…±è€—æ—¶ 0 ns å‘é€ 0 è¿”å› 0
è°ƒç”¨GetDataå…±è€—æ—¶ 130087731486 ns
è°ƒç”¨PutDataå…±è€—æ—¶ 484262481924 ns
æ¥å—åŠ å¯†æ•°æ®æ–‡ä»¶å…±è€—æ—¶ 0 ns

--------del 20000 files Time: 1970042083037 ms --------
è°ƒç”¨GetData 44803523 æ¬¡ å…±è€—æ—¶ 264260685656 ns å‘é€ 224844436 è¿”å› 16936558515
è°ƒç”¨PutData 44803523 æ¬¡ï¼Œå…±è€—æ—¶ 954483338876 ns å‘é€ 16936558515 è¿”å› 0
ä¼ é€åŠ å¯†åæ–‡ä»¶å…±è€—æ—¶ 0 ns å‘é€ 0 è¿”å› 0
è°ƒç”¨GetDataå…±è€—æ—¶ 253936138879 ns
è°ƒç”¨PutDataå…±è€—æ—¶ 944107715089 ns
æ¥å—åŠ å¯†æ•°æ®æ–‡ä»¶å…±è€—æ—¶ 0 ns

--------del 30000 files Time: 2942158401135 ms --------
è°ƒç”¨GetData 66809855 æ¬¡ å…±è€—æ—¶ 393515069150 ns å‘é€ 335275511 è¿”å› 25255351426
è°ƒç”¨PutData 66809855 æ¬¡ï¼Œå…±è€—æ—¶ 1422139152474 ns å‘é€ 25255351426 è¿”å› 0
ä¼ é€åŠ å¯†åæ–‡ä»¶å…±è€—æ—¶ 0 ns å‘é€ 0 è¿”å› 0
è°ƒç”¨GetDataå…±è€—æ—¶ 378140081729 ns
è°ƒç”¨PutDataå…±è€—æ—¶ 1406673947637 ns
æ¥å—åŠ å¯†æ•°æ®æ–‡ä»¶å…±è€—æ—¶ 0 ns

--------del 40000 files Time: 3837808751435 ms --------
è°ƒç”¨GetData 87169144 æ¬¡ å…±è€—æ—¶ 512422621380 ns å‘é€ 437426340 è¿”å› 32951517052
è°ƒç”¨PutData 87169144 æ¬¡ï¼Œå…±è€—æ—¶ 1853155198415 ns å‘é€ 32951517052 è¿”å› 0
ä¼ é€åŠ å¯†åæ–‡ä»¶å…±è€—æ—¶ 0 ns å‘é€ 0 è¿”å› 0
è°ƒç”¨GetDataå…±è€—æ—¶ 492397349534 ns
è°ƒç”¨PutDataå…±è€—æ—¶ 1833010587234 ns
æ¥å—åŠ å¯†æ•°æ®æ–‡ä»¶å…±è€—æ—¶ 0 ns

--------del 50000 files Time: 4793084170526 ms --------
è°ƒç”¨GetData 108843745 æ¬¡ å…±è€—æ—¶ 638510017408 ns å‘é€ 546181431 è¿”å› 41144898316
è°ƒç”¨PutData 108843745 æ¬¡ï¼Œå…±è€—æ—¶ 2311119181150 ns å‘é€ 41144898316 è¿”å› 0
ä¼ é€åŠ å¯†åæ–‡ä»¶å…±è€—æ—¶ 0 ns å‘é€ 0 è¿”å› 0
è°ƒç”¨GetDataå…±è€—æ—¶ 613529135159 ns
è°ƒç”¨PutDataå…±è€—æ—¶ 2285995945887 ns
æ¥å—åŠ å¯†æ•°æ®æ–‡ä»¶å…±è€—æ—¶ 0 ns

--------del 60000 files Time: 5751454151454 ms --------
è°ƒç”¨GetData 130503677 æ¬¡ å…±è€—æ—¶ 764479333514 ns å‘é€ 654862038 è¿”å› 49332733559
è°ƒç”¨PutData 130503677 æ¬¡ï¼Œå…±è€—æ—¶ 2769833223511 ns å‘é€ 49332733559 è¿”å› 0
ä¼ é€åŠ å¯†åæ–‡ä»¶å…±è€—æ—¶ 0 ns å‘é€ 0 è¿”å› 0
è°ƒç”¨GetDataå…±è€—æ—¶ 734553892566 ns
è°ƒç”¨PutDataå…±è€—æ—¶ 2739753664380 ns
æ¥å—åŠ å¯†æ•°æ®æ–‡ä»¶å…±è€—æ—¶ 0 ns

--------del 70000 files Time: 6680755524117 ms --------
è°ƒç”¨GetData 151431179 æ¬¡ å…±è€—æ—¶ 886332970901 ns å‘é€ 759869194 è¿”å› 57243698961
è°ƒç”¨PutData 151431179 æ¬¡ï¼Œå…±è€—æ—¶ 3213872572398 ns å‘é€ 57243698961 è¿”å› 0
ä¼ é€åŠ å¯†åæ–‡ä»¶å…±è€—æ—¶ 0 ns å‘é€ 0 è¿”å› 0
è°ƒç”¨GetDataå…±è€—æ—¶ 851639381298 ns
è°ƒç”¨PutDataå…±è€—æ—¶ 3179008595786 ns
æ¥å—åŠ å¯†æ•°æ®æ–‡ä»¶å…±è€—æ—¶ 0 ns

--------del 80000 files Time: 7608226356052 ms --------
è°ƒç”¨GetData 172142438 æ¬¡ å…±è€—æ—¶ 1008305901254 ns å‘é€ 863791808 è¿”å› 65072921182
è°ƒç”¨PutData 172142438 æ¬¡ï¼Œå…±è€—æ—¶ 3655640401295 ns å‘é€ 65072921182 è¿”å› 0
ä¼ é€åŠ å¯†åæ–‡ä»¶å…±è€—æ—¶ 0 ns å‘é€ 0 è¿”å› 0
è°ƒç”¨GetDataå…±è€—æ—¶ 968801623239 ns
è°ƒç”¨PutDataå…±è€—æ—¶ 3615991385524 ns
æ¥å—åŠ å¯†æ•°æ®æ–‡ä»¶å…±è€—æ—¶ 0 ns

--------del 90000 files Time: 8518284310090 ms --------
è°ƒç”¨GetData 192493266 æ¬¡ å…±è€—æ—¶ 1127724567576 ns å‘é€ 965909802 è¿”å› 72765898020
è°ƒç”¨PutData 192493266 æ¬¡ï¼Œå…±è€—æ—¶ 4089098963317 ns å‘é€ 72765898020 è¿”å› 0
ä¼ é€åŠ å¯†åæ–‡ä»¶å…±è€—æ—¶ 0 ns å‘é€ 0 è¿”å› 0
è°ƒç”¨GetDataå…±è€—æ—¶ 1083552703659 ns
è°ƒç”¨PutDataå…±è€—æ—¶ 4044744039323 ns
æ¥å—åŠ å¯†æ•°æ®æ–‡ä»¶å…±è€—æ—¶ 0 ns
(base) [01;32masunalxh@ubuntu[00m:[01;34m~/gRPC_Orion[00m$ exit
exit

Script done on 2022-06-05 15:06:04+08:00 [COMMAND_EXIT_CODE="0"]
