Script started on 2022-06-05 15:06:12+08:00 [TERM="screen.xterm-256color" TTY="/dev/pts/0" COLUMNS="120" LINES="30"]
(base) [01;32masunalxh@ubuntu[00m:[01;34m~/gRPC_Orion[00m$ bash run.sh 
/home/asunalxh/data/crimePtype.txt

======== Start Addition ========
Total bucket count 65535
Tree height 15
Total numBucketLeaf 32768
Total bucket count 65535
Tree height 15
Total numBucketLeaf 32768

-------- add 10000 files--------

-------- add 20000 files--------

-------- add 30000 files--------

-------- add 40000 files--------

-------- add 50000 files--------

-------- add 60000 files--------

-------- add 70000 files--------

-------- add 80000 files--------

-------- add 90000 files--------

-------- add 100000 files--------
åŒ…æ‹¬åˆå§‹åŒ–æ€»ç”¨æ—¶ï¼š 6791895276910 ns
æ’å…¥æ€»ç”¨æ—¶ï¼š 6788659229996 ns
è°ƒç”¨GetData 132844510 æ¬¡ å…±è€—æ—¶ 938015259004 ns å‘é€ 670066718 è¿”å› 50221068948
è°ƒç”¨PutData 132975580 æ¬¡ï¼Œå…±è€—æ—¶ 3115636540856 ns å‘é€ 50270711450 è¿”å› 0
ä¼ é€åŠ å¯†åæ–‡ä»¶å…±è€—æ—¶ 61895106 ns å‘é€ 5387410 è¿”å› 0
è°ƒç”¨GetDataå…±è€—æ—¶ 905200186044 ns
è°ƒç”¨PutDataå…±è€—æ—¶ 3080939223426 ns
æ¥å—åŠ å¯†æ•°æ®æ–‡ä»¶å…±è€—æ—¶ 21479739 ns

======== Deleting doc ========

--------del 10000 files Time: 1342600097773 ms --------
è°ƒç”¨GetData 25050214 æ¬¡ å…±è€—æ—¶ 195569885288 ns å‘é€ 125731428 è¿”å› 9469461250
è°ƒç”¨PutData 25050214 æ¬¡ï¼Œå…±è€—æ—¶ 620848918728 ns å‘é€ 9469461250 è¿”å› 0
ä¼ é€åŠ å¯†åæ–‡ä»¶å…±è€—æ—¶ 0 ns å‘é€ 0 è¿”å› 0
è°ƒç”¨GetDataå…±è€—æ—¶ 188846811908 ns
è°ƒç”¨PutDataå…±è€—æ—¶ 613808503673 ns
æ¥å—åŠ å¯†æ•°æ®æ–‡ä»¶å…±è€—æ—¶ 0 ns

--------del 20000 files Time: 2694681821631 ms --------
è°ƒç”¨GetData 50095416 æ¬¡ å…±è€—æ—¶ 390575036985 ns å‘é€ 251441920 è¿”å› 18937032088
è°ƒç”¨PutData 50095416 æ¬¡ï¼Œå…±è€—æ—¶ 1240572415875 ns å‘é€ 18937032088 è¿”å› 0
ä¼ é€åŠ å¯†åæ–‡ä»¶å…±è€—æ—¶ 0 ns å‘é€ 0 è¿”å› 0
è°ƒç”¨GetDataå…±è€—æ—¶ 377131562293 ns
è°ƒç”¨PutDataå…±è€—æ—¶ 1226503082603 ns
æ¥å—åŠ å¯†æ•°æ®æ–‡ä»¶å…±è€—æ—¶ 0 ns

--------del 30000 files Time: 4058771164094 ms --------
è°ƒç”¨GetData 75144527 æ¬¡ å…±è€—æ—¶ 586851982646 ns å‘é€ 377169603 è¿”å› 28406078174
è°ƒç”¨PutData 75144527 æ¬¡ï¼Œå…±è€—æ—¶ 1861231986563 ns å‘é€ 28406078174 è¿”å› 0
ä¼ é€åŠ å¯†åæ–‡ä»¶å…±è€—æ—¶ 0 ns å‘é€ 0 è¿”å› 0
è°ƒç”¨GetDataå…±è€—æ—¶ 566666828426 ns
è°ƒç”¨PutDataå…±è€—æ—¶ 1840110370165 ns
æ¥å—åŠ å¯†æ•°æ®æ–‡ä»¶å…±è€—æ—¶ 0 ns

--------del 40000 files Time: 5421634295919 ms --------
è°ƒç”¨GetData 100190646 æ¬¡ å…±è€—æ—¶ 781151109987 ns å‘é€ 502882955 è¿”å› 37873993913
è°ƒç”¨PutData 100190646 æ¬¡ï¼Œå…±è€—æ—¶ 2479200303466 ns å‘é€ 37873993913 è¿”å› 0
ä¼ é€åŠ å¯†åæ–‡ä»¶å…±è€—æ—¶ 0 ns å‘é€ 0 è¿”å› 0
è°ƒç”¨GetDataå…±è€—æ—¶ 754255738634 ns
è°ƒç”¨PutDataå…±è€—æ—¶ 2451032345594 ns
æ¥å—åŠ å¯†æ•°æ®æ–‡ä»¶å…±è€—æ—¶ 0 ns

--------del 50000 files Time: 6791447694555 ms --------
è°ƒç”¨GetData 125237824 æ¬¡ å…±è€—æ—¶ 975510061615 ns å‘é€ 628601280 è¿”å› 47342309632
è°ƒç”¨PutData 125237824 æ¬¡ï¼Œå…±è€—æ—¶ 3097094844563 ns å‘é€ 47342309632 è¿”å› 0
ä¼ é€åŠ å¯†åæ–‡ä»¶å…±è€—æ—¶ 0 ns å‘é€ 0 è¿”å› 0
è°ƒç”¨GetDataå…±è€—æ—¶ 941909077838 ns
è°ƒç”¨PutDataå…±è€—æ—¶ 3061890156616 ns
æ¥å—åŠ å¯†æ•°æ®æ–‡ä»¶å…±è€—æ—¶ 0 ns

--------del 60000 files Time: 8113458263987 ms --------
è°ƒç”¨GetData 150281342 æ¬¡ å…±è€—æ—¶ 1157617892500 ns å‘é€ 754301734 è¿”å› 56809242300
è°ƒç”¨PutData 150281342 æ¬¡ï¼Œå…±è€—æ—¶ 3700919323352 ns å‘é€ 56809242300 è¿”å› 0
ä¼ é€åŠ å¯†åæ–‡ä»¶å…±è€—æ—¶ 0 ns å‘é€ 0 è¿”å› 0
è°ƒç”¨GetDataå…±è€—æ—¶ 1117589036307 ns
è°ƒç”¨PutDataå…±è€—æ—¶ 3658820359955 ns
æ¥å—åŠ å¯†æ•°æ®æ–‡ä»¶å…±è€—æ—¶ 0 ns

--------del 70000 files Time: 9386372077375 ms --------
è°ƒç”¨GetData 175331086 æ¬¡ å…±è€—æ—¶ 1330756073350 ns å‘é€ 880033058 è¿”å› 66278528136
è°ƒç”¨PutData 175331086 æ¬¡ï¼Œå…±è€—æ—¶ 4285922941014 ns å‘é€ 66278528136 è¿”å› 0
ä¼ é€åŠ å¯†åæ–‡ä»¶å…±è€—æ—¶ 0 ns å‘é€ 0 è¿”å› 0
è°ƒç”¨GetDataå…±è€—æ—¶ 1284581188993 ns
è°ƒç”¨PutDataå…±è€—æ—¶ 4237243398076 ns
æ¥å—åŠ å¯†æ•°æ®æ–‡ä»¶å…±è€—æ—¶ 0 ns

--------del 80000 files Time: 10483130388027 ms --------
è°ƒç”¨GetData 200378222 æ¬¡ å…±è€—æ—¶ 1473458786137 ns å‘é€ 1005751706 è¿”å› 75746828512
è°ƒç”¨PutData 200378222 æ¬¡ï¼Œå…±è€—æ—¶ 4803411159770 ns å‘é€ 75746828512 è¿”å› 0
ä¼ é€åŠ å¯†åæ–‡ä»¶å…±è€—æ—¶ 0 ns å‘é€ 0 è¿”å› 0
è°ƒç”¨GetDataå…±è€—æ—¶ 1422132934495 ns
è°ƒç”¨PutDataå…±è€—æ—¶ 4749374799588 ns
æ¥å—åŠ å¯†æ•°æ®æ–‡ä»¶å…±è€—æ—¶ 0 ns

--------del 90000 files Time: 11598236492150 ms --------
è°ƒç”¨GetData 225426762 æ¬¡ å…±è€—æ—¶ 1619091861849 ns å‘é€ 1131476249 è¿”å› 85215658475
è°ƒç”¨PutData 225426762 æ¬¡ï¼Œå…±è€—æ—¶ 5327953046488 ns å‘é€ 85215658475 è¿”å› 0
ä¼ é€åŠ å¯†åæ–‡ä»¶å…±è€—æ—¶ 0 ns å‘é€ 0 è¿”å› 0
è°ƒç”¨GetDataå…±è€—æ—¶ 1562497662267 ns
è°ƒç”¨PutDataå…±è€—æ—¶ 5268428298709 ns
æ¥å—åŠ å¯†æ•°æ®æ–‡ä»¶å…±è€—æ—¶ 0 ns
/home/asunalxh/data/lineshipdate.txt

======== Start Addition ========
Total bucket count 65535
Tree height 15
Total numBucketLeaf 32768
Total bucket count 65535
Tree height 15
Total numBucketLeaf 32768

-------- add 10000 files--------

-------- add 20000 files--------

-------- add 30000 files--------

-------- add 40000 files--------

-------- add 50000 files--------

-------- add 60000 files--------

-------- add 70000 files--------

-------- add 80000 files--------

-------- add 90000 files--------

-------- add 100000 files--------
åŒ…æ‹¬åˆå§‹åŒ–æ€»ç”¨æ—¶ï¼š 5937139868803 ns
æ’å…¥æ€»ç”¨æ—¶ï¼š 5934110420073 ns
è°ƒç”¨GetData 132844214 æ¬¡ å…±è€—æ—¶ 772171786007 ns å‘é€ 670065853 è¿”å› 50220957675
è°ƒç”¨PutData 132975284 æ¬¡ï¼Œå…±è€—æ—¶ 2791899545972 ns å‘é€ 50270600177 è¿”å› 0
ä¼ é€åŠ å¯†åæ–‡ä»¶å…±è€—æ—¶ 52562746 ns å‘é€ 5883490 è¿”å› 0
è°ƒç”¨GetDataå…±è€—æ—¶ 744920079481 ns
è°ƒç”¨PutDataå…±è€—æ—¶ 2762373293221 ns
æ¥å—åŠ å¯†æ•°æ®æ–‡ä»¶å…±è€—æ—¶ 18256784 ns

======== Deleting doc ========

--------del 10000 files Time: 1109082994950 ms --------
è°ƒç”¨GetData 25043548 æ¬¡ å…±è€—æ—¶ 149023848745 ns å‘é€ 125700453 è¿”å› 9466943857
è°ƒç”¨PutData 25043548 æ¬¡ï¼Œå…±è€—æ—¶ 532738355127 ns å‘é€ 9466943857 è¿”å› 0
ä¼ é€åŠ å¯†åæ–‡ä»¶å…±è€—æ—¶ 0 ns å‘é€ 0 è¿”å› 0
è°ƒç”¨GetDataå…±è€—æ—¶ 143745341422 ns
è°ƒç”¨PutDataå…±è€—æ—¶ 526954701260 ns
æ¥å—åŠ å¯†æ•°æ®æ–‡ä»¶å…±è€—æ—¶ 0 ns

--------del 20000 files Time: 2229622062871 ms --------
è°ƒç”¨GetData 50090916 æ¬¡ å…±è€—æ—¶ 298190053512 ns å‘é€ 251418834 è¿”å› 18935330502
è°ƒç”¨PutData 50090916 æ¬¡ï¼Œå…±è€—æ—¶ 1065727111108 ns å‘é€ 18935330502 è¿”å› 0
ä¼ é€åŠ å¯†åæ–‡ä»¶å…±è€—æ—¶ 0 ns å‘é€ 0 è¿”å› 0
è°ƒç”¨GetDataå…±è€—æ—¶ 287630091537 ns
è°ƒç”¨PutDataå…±è€—æ—¶ 1054145911706 ns
æ¥å—åŠ å¯†æ•°æ®æ–‡ä»¶å…±è€—æ—¶ 0 ns

--------del 30000 files Time: 3381267130269 ms --------
è°ƒç”¨GetData 75124321 æ¬¡ å…±è€—æ—¶ 452004263657 ns å‘é€ 377067911 è¿”å› 28398439644
è°ƒç”¨PutData 75124321 æ¬¡ï¼Œå…±è€—æ—¶ 1608511115712 ns å‘é€ 28398439644 è¿”å› 0
ä¼ é€åŠ å¯†åæ–‡ä»¶å…±è€—æ—¶ 0 ns å‘é€ 0 è¿”å› 0
è°ƒç”¨GetDataå…±è€—æ—¶ 436041978136 ns
è°ƒç”¨PutDataå…±è€—æ—¶ 1590963167973 ns
æ¥å—åŠ å¯†æ•°æ®æ–‡ä»¶å…±è€—æ—¶ 0 ns

--------del 40000 files Time: 4514586658711 ms --------
è°ƒç”¨GetData 100017917 æ¬¡ å…±è€—æ—¶ 601222792249 ns å‘é€ 502012558 è¿”å› 37808695599
è°ƒç”¨PutData 100017917 æ¬¡ï¼Œå…±è€—æ—¶ 2142157701868 ns å‘é€ 37808695599 è¿”å› 0
ä¼ é€åŠ å¯†åæ–‡ä»¶å…±è€—æ—¶ 0 ns å‘é€ 0 è¿”å› 0
è°ƒç”¨GetDataå…±è€—æ—¶ 580007794488 ns
è°ƒç”¨PutDataå…±è€—æ—¶ 2118822451623 ns
æ¥å—åŠ å¯†æ•°æ®æ–‡ä»¶å…±è€—æ—¶ 0 ns

--------del 50000 files Time: 5629763309997 ms --------
è°ƒç”¨GetData 124412598 æ¬¡ å…±è€—æ—¶ 747567685490 ns å‘é€ 624439203 è¿”å› 47030338257
è°ƒç”¨PutData 124412598 æ¬¡ï¼Œå…±è€—æ—¶ 2665265253317 ns å‘é€ 47030338257 è¿”å› 0
ä¼ é€åŠ å¯†åæ–‡ä»¶å…±è€—æ—¶ 0 ns å‘é€ 0 è¿”å› 0
è°ƒç”¨GetDataå…±è€—æ—¶ 721179666312 ns
è°ƒç”¨PutDataå…±è€—æ—¶ 2636257383804 ns
æ¥å—åŠ å¯†æ•°æ®æ–‡ä»¶å…±è€—æ—¶ 0 ns

--------del 60000 files Time: 6743367237288 ms --------
è°ƒç”¨GetData 148820031 æ¬¡ å…±è€—æ—¶ 892924260661 ns å‘é€ 746931645 è¿”å› 56256803208
è°ƒç”¨PutData 148820031 æ¬¡ï¼Œå…±è€—æ—¶ 3186415978020 ns å‘é€ 56256803208 è¿”å› 0
ä¼ é€åŠ å¯†åæ–‡ä»¶å…±è€—æ—¶ 0 ns å‘é€ 0 è¿”å› 0
è°ƒç”¨GetDataå…±è€—æ—¶ 861398439645 ns
è°ƒç”¨PutDataå…±è€—æ—¶ 3151744658860 ns
æ¥å—åŠ å¯†æ•°æ®æ–‡ä»¶å…±è€—æ—¶ 0 ns

--------del 70000 files Time: 7874699042938 ms --------
è°ƒç”¨GetData 173709639 æ¬¡ å…±è€—æ—¶ 1040267249354 ns å‘é€ 871855576 è¿”å› 65665550923
è°ƒç”¨PutData 173709639 æ¬¡ï¼Œå…±è€—æ—¶ 3714790767884 ns å‘é€ 65665550923 è¿”å› 0
ä¼ é€åŠ å¯†åæ–‡ä»¶å…±è€—æ—¶ 0 ns å‘é€ 0 è¿”å› 0
è°ƒç”¨GetDataå…±è€—æ—¶ 1003514757871 ns
è°ƒç”¨PutDataå…±è€—æ—¶ 3674377885017 ns
æ¥å—åŠ å¯†æ•°æ®æ–‡ä»¶å…±è€—æ—¶ 0 ns

--------del 80000 files Time: 9012231181274 ms --------
è°ƒç”¨GetData 198727551 æ¬¡ å…±è€—æ—¶ 1188324858921 ns å‘é€ 997427096 è¿”å› 75122803619
è°ƒç”¨PutData 198727551 æ¬¡ï¼Œå…±è€—æ—¶ 4245711301071 ns å‘é€ 75122803619 è¿”å› 0
ä¼ é€åŠ å¯†åæ–‡ä»¶å…±è€—æ—¶ 0 ns å‘é€ 0 è¿”å› 0
è°ƒç”¨GetDataå…±è€—æ—¶ 1146320243332 ns
è°ƒç”¨PutDataå…±è€—æ—¶ 4199529028439 ns
æ¥å—åŠ å¯†æ•°æ®æ–‡ä»¶å…±è€—æ—¶ 0 ns

--------del 90000 files Time: 10129301498746 ms --------
è°ƒç”¨GetData 223683127 æ¬¡ å…±è€—æ—¶ 1333147144246 ns å‘é€ 1122684676 è¿”å› 84556491047
è°ƒç”¨PutData 223683127 æ¬¡ï¼Œå…±è€—æ—¶ 4768852953978 ns å‘é€ 84556491047 è¿”å› 0
ä¼ é€åŠ å¯†åæ–‡ä»¶å…±è€—æ—¶ 0 ns å‘é€ 0 è¿”å› 0
è°ƒç”¨GetDataå…±è€—æ—¶ 1286018530647 ns
è°ƒç”¨PutDataå…±è€—æ—¶ 4717043195910 ns
æ¥å—åŠ å¯†æ•°æ®æ–‡ä»¶å…±è€—æ—¶ 0 ns
(base) [01;32masunalxh@ubuntu[00m:[01;34m~/gRPC_Orion[00m$ [K(base) [01;32masunalxh@ubuntu[00m:[01;34m~/gRPC_Orion[00m$ exit
exit

Script done on 2022-06-06 16:58:00+08:00 [COMMAND_EXIT_CODE="0"]
