Script started on 2022-05-26 22:07:06+08:00 [TERM="screen.xterm-256color" TTY="/dev/pts/0" COLUMNS="120" LINES="30"]
(base) [01;32masunalxh@ubuntu[00m:[01;34m~/gRPC_Orion[00m$ ./[K[Kbash run.sh 
start delete-search-10%


======== Start Addition ========
Total bucket count 65535
Tree height 15
Total numBucketLeaf 32768
Total bucket count 65535
Tree height 15
Total numBucketLeaf 32768

-------- add 10000 files--------

-------- add 20000 files--------

-------- add 30000 files--------

-------- add 40000 files--------

-------- add 50000 files--------

-------- add 60000 files--------

-------- add 70000 files--------

-------- add 80000 files--------

-------- add 90000 files--------

-------- add 100000 files--------

======== Deleting doc ========

-------- del 10000 files --------

======== Start To Search ========
result size 1000 
æœç´¢å…±è€—æ—¶ 10491795708 ms
è°ƒç”¨GetData 15079 æ¬¡ å…±è€—æ—¶ 107291120 ns å‘é€ 81596 è¿”å› 5706063
è°ƒç”¨PutData 15079 æ¬¡ï¼Œå…±è€—æ—¶ 373619389 ns å‘é€ 5706063 è¿”å› 0
ä¼ é€åŠ å¯†åæ–‡ä»¶å…±è€—æ—¶ 0 ns å‘é€ 0 è¿”å› 0
è°ƒç”¨GetDataå…±è€—æ—¶ 102422767 ns
è°ƒç”¨PutDataå…±è€—æ—¶ 366578881 ns
æ¥å—åŠ å¯†æ•°æ®æ–‡ä»¶å…±è€—æ—¶ 0 ns
start delete-search-20%


======== Start Addition ========
Total bucket count 65535
Tree height 15
Total numBucketLeaf 32768
Total bucket count 65535
Tree height 15
Total numBucketLeaf 32768

-------- add 10000 files--------

-------- add 20000 files--------

-------- add 30000 files--------

-------- add 40000 files--------

-------- add 50000 files--------

-------- add 60000 files--------

-------- add 70000 files--------

-------- add 80000 files--------

-------- add 90000 files--------

-------- add 100000 files--------

======== Deleting doc ========

-------- del 10000 files --------

-------- del 20000 files --------

======== Start To Search ========
result size 1000 
æœç´¢å…±è€—æ—¶ 10469277386 ms
è°ƒç”¨GetData 14869 æ¬¡ å…±è€—æ—¶ 106410030 ns å‘é€ 80430 è¿”å› 5626567
è°ƒç”¨PutData 14869 æ¬¡ï¼Œå…±è€—æ—¶ 368573216 ns å‘é€ 5626567 è¿”å› 0
ä¼ é€åŠ å¯†åæ–‡ä»¶å…±è€—æ—¶ 0 ns å‘é€ 0 è¿”å› 0
è°ƒç”¨GetDataå…±è€—æ—¶ 101855526 ns
è°ƒç”¨PutDataå…±è€—æ—¶ 362132122 ns
æ¥å—åŠ å¯†æ•°æ®æ–‡ä»¶å…±è€—æ—¶ 0 ns
start delete-search-30%


======== Start Addition ========
Total bucket count 65535
Tree height 15
Total numBucketLeaf 32768
Total bucket count 65535
Tree height 15
Total numBucketLeaf 32768

-------- add 10000 files--------

-------- add 20000 files--------

-------- add 30000 files--------

-------- add 40000 files--------

-------- add 50000 files--------

-------- add 60000 files--------

-------- add 70000 files--------

-------- add 80000 files--------

-------- add 90000 files--------

-------- add 100000 files--------

======== Deleting doc ========

-------- del 10000 files --------

-------- del 20000 files --------

-------- del 30000 files --------

======== Start To Search ========
result size 1000 
æœç´¢å…±è€—æ—¶ 10327724312 ms
è°ƒç”¨GetData 14932 æ¬¡ å…±è€—æ—¶ 105362463 ns å‘é€ 80733 è¿”å› 5650369
è°ƒç”¨PutData 14932 æ¬¡ï¼Œå…±è€—æ—¶ 376463640 ns å‘é€ 5650369 è¿”å› 0
ä¼ é€åŠ å¯†åæ–‡ä»¶å…±è€—æ—¶ 0 ns å‘é€ 0 è¿”å› 0
è°ƒç”¨GetDataå…±è€—æ—¶ 100734258 ns
è°ƒç”¨PutDataå…±è€—æ—¶ 369854030 ns
æ¥å—åŠ å¯†æ•°æ®æ–‡ä»¶å…±è€—æ—¶ 0 ns
start delete-search-40%


======== Start Addition ========
Total bucket count 65535
Tree height 15
Total numBucketLeaf 32768
Total bucket count 65535
Tree height 15
Total numBucketLeaf 32768

-------- add 10000 files--------

-------- add 20000 files--------

-------- add 30000 files--------

-------- add 40000 files--------

-------- add 50000 files--------

-------- add 60000 files--------

-------- add 70000 files--------

-------- add 80000 files--------

-------- add 90000 files--------

-------- add 100000 files--------

======== Deleting doc ========

-------- del 10000 files --------

-------- del 20000 files --------

-------- del 30000 files --------

-------- del 40000 files --------

======== Start To Search ========
result size 1000 
æœç´¢å…±è€—æ—¶ 10536365740 ms
è°ƒç”¨GetData 15085 æ¬¡ å…±è€—æ—¶ 112147397 ns å‘é€ 81603 è¿”å› 5708308
è°ƒç”¨PutData 15085 æ¬¡ï¼Œå…±è€—æ—¶ 370536492 ns å‘é€ 5708308 è¿”å› 0
ä¼ é€åŠ å¯†åæ–‡ä»¶å…±è€—æ—¶ 0 ns å‘é€ 0 è¿”å› 0
è°ƒç”¨GetDataå…±è€—æ—¶ 106932483 ns
è°ƒç”¨PutDataå…±è€—æ—¶ 364023720 ns
æ¥å—åŠ å¯†æ•°æ®æ–‡ä»¶å…±è€—æ—¶ 0 ns
start delete-search-50%


======== Start Addition ========
Total bucket count 65535
Tree height 15
Total numBucketLeaf 32768
Total bucket count 65535
Tree height 15
Total numBucketLeaf 32768

-------- add 10000 files--------

-------- add 20000 files--------

-------- add 30000 files--------

-------- add 40000 files--------

-------- add 50000 files--------

-------- add 60000 files--------

-------- add 70000 files--------

-------- add 80000 files--------

-------- add 90000 files--------

-------- add 100000 files--------

======== Deleting doc ========

-------- del 10000 files --------

-------- del 20000 files --------

-------- del 30000 files --------

-------- del 40000 files --------

-------- del 50000 files --------

======== Start To Search ========
result size 1000 
æœç´¢å…±è€—æ—¶ 10689953123 ms
è°ƒç”¨GetData 15007 æ¬¡ å…±è€—æ—¶ 113756755 ns å‘é€ 81183 è¿”å› 5678794
è°ƒç”¨PutData 15007 æ¬¡ï¼Œå…±è€—æ—¶ 400131560 ns å‘é€ 5678794 è¿”å› 0
ä¼ é€åŠ å¯†åæ–‡ä»¶å…±è€—æ—¶ 0 ns å‘é€ 0 è¿”å› 0
è°ƒç”¨GetDataå…±è€—æ—¶ 108868919 ns
è°ƒç”¨PutDataå…±è€—æ—¶ 393276806 ns
æ¥å—åŠ å¯†æ•°æ®æ–‡ä»¶å…±è€—æ—¶ 0 ns
start delete-search-60%


======== Start Addition ========
Total bucket count 65535
Tree height 15
Total numBucketLeaf 32768
Total bucket count 65535
Tree height 15
Total numBucketLeaf 32768

-------- add 10000 files--------

-------- add 20000 files--------

-------- add 30000 files--------

-------- add 40000 files--------

-------- add 50000 files--------

-------- add 60000 files--------

-------- add 70000 files--------

-------- add 80000 files--------

-------- add 90000 files--------

-------- add 100000 files--------

======== Deleting doc ========

-------- del 10000 files --------

-------- del 20000 files --------

-------- del 30000 files --------

-------- del 40000 files --------

-------- del 50000 files --------

-------- del 60000 files --------

======== Start To Search ========
result size 1000 
æœç´¢å…±è€—æ—¶ 9074035057 ms
è°ƒç”¨GetData 15111 æ¬¡ å…±è€—æ—¶ 89260635 ns å‘é€ 81734 è¿”å› 5718137
è°ƒç”¨PutData 15111 æ¬¡ï¼Œå…±è€—æ—¶ 325094628 ns å‘é€ 5718137 è¿”å› 0
ä¼ é€åŠ å¯†åæ–‡ä»¶å…±è€—æ—¶ 0 ns å‘é€ 0 è¿”å› 0
è°ƒç”¨GetDataå…±è€—æ—¶ 85859709 ns
è°ƒç”¨PutDataå…±è€—æ—¶ 320714962 ns
æ¥å—åŠ å¯†æ•°æ®æ–‡ä»¶å…±è€—æ—¶ 0 ns
start delete-search-70%


======== Start Addition ========
Total bucket count 65535
Tree height 15
Total numBucketLeaf 32768
Total bucket count 65535
Tree height 15
Total numBucketLeaf 32768

-------- add 10000 files--------

-------- add 20000 files--------

-------- add 30000 files--------

-------- add 40000 files--------

-------- add 50000 files--------

-------- add 60000 files--------

-------- add 70000 files--------

-------- add 80000 files--------

-------- add 90000 files--------

-------- add 100000 files--------

======== Deleting doc ========

-------- del 10000 files --------

-------- del 20000 files --------

-------- del 30000 files --------

-------- del 40000 files --------

-------- del 50000 files --------

-------- del 60000 files --------

-------- del 70000 files --------

======== Start To Search ========
result size 1000 
æœç´¢å…±è€—æ—¶ 8732367344 ms
è°ƒç”¨GetData 14906 æ¬¡ å…±è€—æ—¶ 87127011 ns å‘é€ 80602 è¿”å› 5640540
è°ƒç”¨PutData 14906 æ¬¡ï¼Œå…±è€—æ—¶ 317272108 ns å‘é€ 5640540 è¿”å› 0
ä¼ é€åŠ å¯†åæ–‡ä»¶å…±è€—æ—¶ 0 ns å‘é€ 0 è¿”å› 0
è°ƒç”¨GetDataå…±è€—æ—¶ 83803557 ns
è°ƒç”¨PutDataå…±è€—æ—¶ 313069743 ns
æ¥å—åŠ å¯†æ•°æ®æ–‡ä»¶å…±è€—æ—¶ 0 ns
start delete-search-80%


======== Start Addition ========
Total bucket count 65535
Tree height 15
Total numBucketLeaf 32768
Total bucket count 65535
Tree height 15
Total numBucketLeaf 32768

-------- add 10000 files--------

-------- add 20000 files--------

-------- add 30000 files--------

-------- add 40000 files--------

-------- add 50000 files--------

-------- add 60000 files--------

-------- add 70000 files--------

-------- add 80000 files--------

-------- add 90000 files--------

-------- add 100000 files--------

======== Deleting doc ========

-------- del 10000 files --------

-------- del 20000 files --------

-------- del 30000 files --------

-------- del 40000 files --------

-------- del 50000 files --------

-------- del 60000 files --------

-------- del 70000 files --------

-------- del 80000 files --------

======== Start To Search ========
result size 1000 
æœç´¢å…±è€—æ—¶ 9008394337 ms
è°ƒç”¨GetData 15056 æ¬¡ å…±è€—æ—¶ 87945392 ns å‘é€ 81446 è¿”å› 5697334
è°ƒç”¨PutData 15056 æ¬¡ï¼Œå…±è€—æ—¶ 325754423 ns å‘é€ 5697334 è¿”å› 0
ä¼ é€åŠ å¯†åæ–‡ä»¶å…±è€—æ—¶ 0 ns å‘é€ 0 è¿”å› 0
è°ƒç”¨GetDataå…±è€—æ—¶ 84530508 ns
è°ƒç”¨PutDataå…±è€—æ—¶ 321198635 ns
æ¥å—åŠ å¯†æ•°æ®æ–‡ä»¶å…±è€—æ—¶ 0 ns
start delete-search-90%


======== Start Addition ========
Total bucket count 65535
Tree height 15
Total numBucketLeaf 32768
Total bucket count 65535
Tree height 15
Total numBucketLeaf 32768

-------- add 10000 files--------

-------- add 20000 files--------

-------- add 30000 files--------

-------- add 40000 files--------

-------- add 50000 files--------

-------- add 60000 files--------

-------- add 70000 files--------

-------- add 80000 files--------

-------- add 90000 files--------

-------- add 100000 files--------

======== Deleting doc ========

-------- del 10000 files --------

-------- del 20000 files --------

-------- del 30000 files --------

-------- del 40000 files --------

-------- del 50000 files --------

-------- del 60000 files --------

-------- del 70000 files --------

-------- del 80000 files --------

-------- del 90000 files --------

======== Start To Search ========
result size 1000 
æœç´¢å…±è€—æ—¶ 9073434001 ms
è°ƒç”¨GetData 14979 æ¬¡ å…±è€—æ—¶ 88933061 ns å‘é€ 81054 è¿”å› 5668221
è°ƒç”¨PutData 14979 æ¬¡ï¼Œå…±è€—æ—¶ 326447272 ns å‘é€ 5668221 è¿”å› 0
ä¼ é€åŠ å¯†åæ–‡ä»¶å…±è€—æ—¶ 0 ns å‘é€ 0 è¿”å› 0
è°ƒç”¨GetDataå…±è€—æ—¶ 85464869 ns
è°ƒç”¨PutDataå…±è€—æ—¶ 321983869 ns
æ¥å—åŠ å¯†æ•°æ®æ–‡ä»¶å…±è€—æ—¶ 0 ns
(base) [01;32masunalxh@ubuntu[00m:[01;34m~/gRPC_Orion[00m$ [K(base) [01;32masunalxh@ubuntu[00m:[01;34m~/gRPC_Orion[00m$ exit
exit

Script done on 2022-05-28 06:15:32+08:00 [COMMAND_EXIT_CODE="0"]
