Script started on 2022-06-07 16:09:40+08:00 [TERM="screen.xterm-256color" TTY="/dev/pts/0" COLUMNS="153" LINES="45"]
(base) [01;32masunalxh@ubuntu[00m:[01;34m~/gRPC_Orion[00m$ bash run.sh 
/home/asunalxh/data/variable-result-size/crime-variable-result-size.txt

======== Start Addition ========
Total bucket count 65535
Tree height 15
Total numBucketLeaf 32768
Total bucket count 65535
Tree height 15
Total numBucketLeaf 32768

-------- add 10000 files--------

-------- add 20000 files--------

-------- add 30000 files--------

-------- add 40000 files--------

-------- add 50000 files--------

-------- add 60000 files--------

-------- add 70000 files--------

-------- add 80000 files--------

-------- add 90000 files--------

-------- add 100000 files--------
åŒ…æ‹¬åˆå§‹åŒ–æ€»ç”¨æ—¶ï¼š 6297971026575 ns
æ’å…¥æ€»ç”¨æ—¶ï¼š 6294759924716 ns
è°ƒç”¨GetData 132857330 æ¬¡ å…±è€—æ—¶ 842626490570 ns å‘é€ 670126197 è¿”å› 50225910287
è°ƒç”¨PutData 132988400 æ¬¡ï¼Œå…±è€—æ—¶ 2938319107768 ns å‘é€ 50275552789 è¿”å› 0
ä¼ é€åŠ å¯†åæ–‡ä»¶å…±è€—æ—¶ 56963350 ns å‘é€ 5366362 è¿”å› 0
è°ƒç”¨GetDataå…±è€—æ—¶ 812541150323 ns
è°ƒç”¨PutDataå…±è€—æ—¶ 2906198050322 ns
æ¥å—åŠ å¯†æ•°æ®æ–‡ä»¶å…±è€—æ—¶ 19858086 ns

======== Start To Search ========
result size 10000 
æœç´¢å…±è€—æ—¶ 170485271846 ns
è°ƒç”¨GetData 40677 æ¬¡ å…±è€—æ—¶ 404262409 ns å‘é€ 228426 è¿”å› 15400947
è°ƒç”¨PutData 40677 æ¬¡ï¼Œå…±è€—æ—¶ 1185554093 ns å‘é€ 15400947 è¿”å› 0
ä¼ é€åŠ å¯†åæ–‡ä»¶å…±è€—æ—¶ 0 ns å‘é€ 0 è¿”å› 0
è°ƒç”¨GetDataå…±è€—æ—¶ 382808235 ns
è°ƒç”¨PutDataå…±è€—æ—¶ 1159054475 ns
æ¥å—åŠ å¯†æ•°æ®æ–‡ä»¶å…±è€—æ—¶ 0 ns

======== Start To Search ========
result size 5000 
æœç´¢å…±è€—æ—¶ 114079948571 ns
è°ƒç”¨GetData 37458 æ¬¡ å…±è€—æ—¶ 312330854 ns å‘é€ 209574 è¿”å› 14181408
è°ƒç”¨PutData 37458 æ¬¡ï¼Œå…±è€—æ—¶ 881464335 ns å‘é€ 14181408 è¿”å› 0
ä¼ é€åŠ å¯†åæ–‡ä»¶å…±è€—æ—¶ 0 ns å‘é€ 0 è¿”å› 0
è°ƒç”¨GetDataå…±è€—æ—¶ 294633161 ns
è°ƒç”¨PutDataå…±è€—æ—¶ 865043542 ns
æ¥å—åŠ å¯†æ•°æ®æ–‡ä»¶å…±è€—æ—¶ 0 ns

======== Start To Search ========
result size 1000 
æœç´¢å…±è€—æ—¶ 18226987852 ns
è°ƒç”¨GetData 19532 æ¬¡ å…±è€—æ—¶ 119119989 ns å‘é€ 106519 è¿”å› 7391955
è°ƒç”¨PutData 19532 æ¬¡ï¼Œå…±è€—æ—¶ 431506469 ns å‘é€ 7391955 è¿”å› 0
ä¼ é€åŠ å¯†åæ–‡ä»¶å…±è€—æ—¶ 0 ns å‘é€ 0 è¿”å› 0
è°ƒç”¨GetDataå…±è€—æ—¶ 114260674 ns
è°ƒç”¨PutDataå…±è€—æ—¶ 425200526 ns
æ¥å—åŠ å¯†æ•°æ®æ–‡ä»¶å…±è€—æ—¶ 0 ns

======== Start To Search ========
result size 500 
æœç´¢å…±è€—æ—¶ 8262321376 ns
è°ƒç”¨GetData 13822 æ¬¡ å…±è€—æ—¶ 85579759 ns å‘é€ 74597 è¿”å› 5230203
è°ƒç”¨PutData 13822 æ¬¡ï¼Œå…±è€—æ—¶ 304256852 ns å‘é€ 5230203 è¿”å› 0
ä¼ é€åŠ å¯†åæ–‡ä»¶å…±è€—æ—¶ 0 ns å‘é€ 0 è¿”å› 0
è°ƒç”¨GetDataå…±è€—æ—¶ 82305390 ns
è°ƒç”¨PutDataå…±è€—æ—¶ 300003149 ns
æ¥å—åŠ å¯†æ•°æ®æ–‡ä»¶å…±è€—æ—¶ 0 ns

======== Start To Search ========
result size 100 
æœç´¢å…±è€—æ—¶ 1021528179 ns
è°ƒç”¨GetData 5377 æ¬¡ å…±è€—æ—¶ 30962124 ns å‘é€ 28408 è¿”å› 2034029
è°ƒç”¨PutData 5377 æ¬¡ï¼Œå…±è€—æ—¶ 113226255 ns å‘é€ 2034029 è¿”å› 0
ä¼ é€åŠ å¯†åæ–‡ä»¶å…±è€—æ—¶ 0 ns å‘é€ 0 è¿”å› 0
è°ƒç”¨GetDataå…±è€—æ—¶ 29826821 ns
è°ƒç”¨PutDataå…±è€—æ—¶ 111925676 ns
æ¥å—åŠ å¯†æ•°æ®æ–‡ä»¶å…±è€—æ—¶ 0 ns

======== Start To Search ========
result size 10 
æœç´¢å…±è€—æ—¶ 65666089 ns
è°ƒç”¨GetData 1105 æ¬¡ å…±è€—æ—¶ 6366520 ns å‘é€ 5640 è¿”å› 417805
è°ƒç”¨PutData 1105 æ¬¡ï¼Œå…±è€—æ—¶ 23042339 ns å‘é€ 417805 è¿”å› 0
ä¼ é€åŠ å¯†åæ–‡ä»¶å…±è€—æ—¶ 0 ns å‘é€ 0 è¿”å› 0
è°ƒç”¨GetDataå…±è€—æ—¶ 6140610 ns
è°ƒç”¨PutDataå…±è€—æ—¶ 22798138 ns
æ¥å—åŠ å¯†æ•°æ®æ–‡ä»¶å…±è€—æ—¶ 0 ns
/home/asunalxh/data/variable-result-size/tpch-variable-result-size.txt

======== Start Addition ========
Total bucket count 65535
Tree height 15
Total numBucketLeaf 32768
Total bucket count 65535
Tree height 15
Total numBucketLeaf 32768

-------- add 10000 files--------

-------- add 20000 files--------

-------- add 30000 files--------

-------- add 40000 files--------

-------- add 50000 files--------

-------- add 60000 files--------

-------- add 70000 files--------

-------- add 80000 files--------

-------- add 90000 files--------

-------- add 100000 files--------
åŒ…æ‹¬åˆå§‹åŒ–æ€»ç”¨æ—¶ï¼š 6227535678248 ns
æ’å…¥æ€»ç”¨æ—¶ï¼š 6224523778545 ns
è°ƒç”¨GetData 132848071 æ¬¡ å…±è€—æ—¶ 832312013528 ns å‘é€ 670082278 è¿”å› 50222412761
è°ƒç”¨PutData 132979141 æ¬¡ï¼Œå…±è€—æ—¶ 2905617726362 ns å‘é€ 50272055263 è¿”å› 0
ä¼ é€åŠ å¯†åæ–‡ä»¶å…±è€—æ—¶ 53760481 ns å‘é€ 5883490 è¿”å› 0
è°ƒç”¨GetDataå…±è€—æ—¶ 803266518660 ns
è°ƒç”¨PutDataå…±è€—æ—¶ 2874276744725 ns
æ¥å—åŠ å¯†æ•°æ®æ–‡ä»¶å…±è€—æ—¶ 18571118 ns

======== Start To Search ========
result size 10000 
æœç´¢å…±è€—æ—¶ 186007987124 ns
è°ƒç”¨GetData 44433 æ¬¡ å…±è€—æ—¶ 291732329 ns å‘é€ 250634 è¿”å› 16824143
è°ƒç”¨PutData 44433 æ¬¡ï¼Œå…±è€—æ—¶ 1070929009 ns å‘é€ 16824143 è¿”å› 0
ä¼ é€åŠ å¯†åæ–‡ä»¶å…±è€—æ—¶ 0 ns å‘é€ 0 è¿”å› 0
è°ƒç”¨GetDataå…±è€—æ—¶ 278727498 ns
è°ƒç”¨PutDataå…±è€—æ—¶ 1049366711 ns
æ¥å—åŠ å¯†æ•°æ®æ–‡ä»¶å…±è€—æ—¶ 0 ns

======== Start To Search ========
result size 5000 
æœç´¢å…±è€—æ—¶ 72671658993 ns
è°ƒç”¨GetData 32860 æ¬¡ å…±è€—æ—¶ 209442315 ns å‘é€ 182743 è¿”å› 12439523
è°ƒç”¨PutData 32860 æ¬¡ï¼Œå…±è€—æ—¶ 755377878 ns å‘é€ 12439523 è¿”å› 0
ä¼ é€åŠ å¯†åæ–‡ä»¶å…±è€—æ—¶ 0 ns å‘é€ 0 è¿”å› 0
è°ƒç”¨GetDataå…±è€—æ—¶ 200506779 ns
è°ƒç”¨PutDataå…±è€—æ—¶ 742408113 ns
æ¥å—åŠ å¯†æ•°æ®æ–‡ä»¶å…±è€—æ—¶ 0 ns

======== Start To Search ========
result size 1000 
æœç´¢å…±è€—æ—¶ 9421618220 ns
è°ƒç”¨GetData 14643 æ¬¡ å…±è€—æ—¶ 88532172 ns å‘é€ 79191 è¿”å› 5541030
è°ƒç”¨PutData 14643 æ¬¡ï¼Œå…±è€—æ—¶ 334533657 ns å‘é€ 5541030 è¿”å› 0
ä¼ é€åŠ å¯†åæ–‡ä»¶å…±è€—æ—¶ 0 ns å‘é€ 0 è¿”å› 0
è°ƒç”¨GetDataå…±è€—æ—¶ 85142219 ns
è°ƒç”¨PutDataå…±è€—æ—¶ 330045277 ns
æ¥å—åŠ å¯†æ•°æ®æ–‡ä»¶å…±è€—æ—¶ 0 ns

======== Start To Search ========
result size 500 
æœç´¢å…±è€—æ—¶ 2580617014 ns
è°ƒç”¨GetData 8382 æ¬¡ å…±è€—æ—¶ 49674188 ns å‘é€ 44684 è¿”å› 3171170
è°ƒç”¨PutData 8382 æ¬¡ï¼Œå…±è€—æ—¶ 179029190 ns å‘é€ 3171170 è¿”å› 0
ä¼ é€åŠ å¯†åæ–‡ä»¶å…±è€—æ—¶ 0 ns å‘é€ 0 è¿”å› 0
è°ƒç”¨GetDataå…±è€—æ—¶ 47827747 ns
è°ƒç”¨PutDataå…±è€—æ—¶ 176880413 ns
æ¥å—åŠ å¯†æ•°æ®æ–‡ä»¶å…±è€—æ—¶ 0 ns

======== Start To Search ========
result size 100 
æœç´¢å…±è€—æ—¶ 237365034 ns
è°ƒç”¨GetData 2459 æ¬¡ å…±è€—æ—¶ 14373163 ns å‘é€ 12794 è¿”å› 930001
è°ƒç”¨PutData 2459 æ¬¡ï¼Œå…±è€—æ—¶ 51916041 ns å‘é€ 930001 è¿”å› 0
ä¼ é€åŠ å¯†åæ–‡ä»¶å…±è€—æ—¶ 0 ns å‘é€ 0 è¿”å› 0
è°ƒç”¨GetDataå…±è€—æ—¶ 13840703 ns
è°ƒç”¨PutDataå…±è€—æ—¶ 51362477 ns
æ¥å—åŠ å¯†æ•°æ®æ–‡ä»¶å…±è€—æ—¶ 0 ns

======== Start To Search ========
result size 10 
æœç´¢å…±è€—æ—¶ 23551657 ns
è°ƒç”¨GetData 513 æ¬¡ å…±è€—æ—¶ 2974354 ns å‘é€ 2577 è¿”å› 193926
è°ƒç”¨PutData 513 æ¬¡ï¼Œå…±è€—æ—¶ 10859612 ns å‘é€ 193926 è¿”å› 0
ä¼ é€åŠ å¯†åæ–‡ä»¶å…±è€—æ—¶ 0 ns å‘é€ 0 è¿”å› 0
è°ƒç”¨GetDataå…±è€—æ—¶ 2868070 ns
è°ƒç”¨PutDataå…±è€—æ—¶ 10741251 ns
æ¥å—åŠ å¯†æ•°æ®æ–‡ä»¶å…±è€—æ—¶ 0 ns
(base) [01;32masunalxh@ubuntu[00m:[01;34m~/gRPC_Orion[00m$ [K(base) [01;32masunalxh@ubuntu[00m:[01;34m~/gRPC_Orion[00m$ exit
exit

Script done on 2022-06-07 20:47:42+08:00 [COMMAND_EXIT_CODE="0"]
