Script started on 2022-05-28 06:19:30+08:00 [TERM="screen.xterm-256color" TTY="/dev/pts/0" COLUMNS="120" LINES="30"]
(base) [01;32masunalxh@ubuntu[00m:[01;34m~/gRPC_Orion[00m$ bash g[Krun.sh 
start delete-search-10%


======== Start Addition ========
Total bucket count 65535
Tree height 15
Total numBucketLeaf 32768
Total bucket count 65535
Tree height 15
Total numBucketLeaf 32768

-------- add 10000 files--------

-------- add 20000 files--------

-------- add 30000 files--------

-------- add 40000 files--------

-------- add 50000 files--------

-------- add 60000 files--------

-------- add 70000 files--------

-------- add 80000 files--------

-------- add 90000 files--------

-------- add 100000 files--------

======== Deleting doc ========

-------- del 10000 files --------

======== Start To Search ========
result size 1000 
æœç´¢å…±è€—æ—¶ 18069202899 ns
è°ƒç”¨GetData 19530 æ¬¡ å…±è€—æ—¶ 126875611 ns å‘é€ 106503 è¿”å› 7391193
è°ƒç”¨PutData 19530 æ¬¡ï¼Œå…±è€—æ—¶ 465206697 ns å‘é€ 7391193 è¿”å› 0
ä¼ é€åŠ å¯†åæ–‡ä»¶å…±è€—æ—¶ 0 ns å‘é€ 0 è¿”å› 0
è°ƒç”¨GetDataå…±è€—æ—¶ 121412851 ns
è°ƒç”¨PutDataå…±è€—æ—¶ 457099954 ns
æ¥å—åŠ å¯†æ•°æ®æ–‡ä»¶å…±è€—æ—¶ 0 ns
start delete-search-20%


======== Start Addition ========
Total bucket count 65535
Tree height 15
Total numBucketLeaf 32768
Total bucket count 65535
Tree height 15
Total numBucketLeaf 32768

-------- add 10000 files--------

-------- add 20000 files--------

-------- add 30000 files--------

-------- add 40000 files--------

-------- add 50000 files--------

-------- add 60000 files--------

-------- add 70000 files--------

-------- add 80000 files--------

-------- add 90000 files--------

-------- add 100000 files--------

======== Deleting doc ========

-------- del 10000 files --------

-------- del 20000 files --------

======== Start To Search ========
result size 1000 
æœç´¢å…±è€—æ—¶ 21379702920 ns
è°ƒç”¨GetData 20463 æ¬¡ å…±è€—æ—¶ 134465446 ns å‘é€ 111758 è¿”å› 7744457
è°ƒç”¨PutData 20463 æ¬¡ï¼Œå…±è€—æ—¶ 504168145 ns å‘é€ 7744457 è¿”å› 0
ä¼ é€åŠ å¯†åæ–‡ä»¶å…±è€—æ—¶ 0 ns å‘é€ 0 è¿”å› 0
è°ƒç”¨GetDataå…±è€—æ—¶ 128528970 ns
è°ƒç”¨PutDataå…±è€—æ—¶ 495359532 ns
æ¥å—åŠ å¯†æ•°æ®æ–‡ä»¶å…±è€—æ—¶ 0 ns
start delete-search-30%


======== Start Addition ========
Total bucket count 65535
Tree height 15
Total numBucketLeaf 32768
Total bucket count 65535
Tree height 15
Total numBucketLeaf 32768

-------- add 10000 files--------

-------- add 20000 files--------

-------- add 30000 files--------

-------- add 40000 files--------

-------- add 50000 files--------

-------- add 60000 files--------

-------- add 70000 files--------

-------- add 80000 files--------

-------- add 90000 files--------

-------- add 100000 files--------

======== Deleting doc ========

-------- del 10000 files --------

-------- del 20000 files --------

-------- del 30000 files --------

======== Start To Search ========
result size 1000 
æœç´¢å…±è€—æ—¶ 22470442949 ns
è°ƒç”¨GetData 21255 æ¬¡ å…±è€—æ—¶ 145878877 ns å‘é€ 116206 è¿”å› 8044321
è°ƒç”¨PutData 21255 æ¬¡ï¼Œå…±è€—æ—¶ 521559831 ns å‘é€ 8044321 è¿”å› 0
ä¼ é€åŠ å¯†åæ–‡ä»¶å…±è€—æ—¶ 0 ns å‘é€ 0 è¿”å› 0
è°ƒç”¨GetDataå…±è€—æ—¶ 139422150 ns
è°ƒç”¨PutDataå…±è€—æ—¶ 512371517 ns
æ¥å—åŠ å¯†æ•°æ®æ–‡ä»¶å…±è€—æ—¶ 0 ns
start delete-search-40%


======== Start Addition ========
Total bucket count 65535
Tree height 15
Total numBucketLeaf 32768
Total bucket count 65535
Tree height 15
Total numBucketLeaf 32768

-------- add 10000 files--------

-------- add 20000 files--------

-------- add 30000 files--------

-------- add 40000 files--------

-------- add 50000 files--------

-------- add 60000 files--------

-------- add 70000 files--------

-------- add 80000 files--------

-------- add 90000 files--------

-------- add 100000 files--------

======== Deleting doc ========

-------- del 10000 files --------

-------- del 20000 files --------

-------- del 30000 files --------

-------- del 40000 files --------

======== Start To Search ========
result size 1000 
æœç´¢å…±è€—æ—¶ 23478966834 ns
è°ƒç”¨GetData 21640 æ¬¡ å…±è€—æ—¶ 144564509 ns å‘é€ 118430 è¿”å› 8190150
è°ƒç”¨PutData 21640 æ¬¡ï¼Œå…±è€—æ—¶ 507503647 ns å‘é€ 8190150 è¿”å› 0
ä¼ é€åŠ å¯†åæ–‡ä»¶å…±è€—æ—¶ 0 ns å‘é€ 0 è¿”å› 0
è°ƒç”¨GetDataå…±è€—æ—¶ 138408832 ns
è°ƒç”¨PutDataå…±è€—æ—¶ 498710830 ns
æ¥å—åŠ å¯†æ•°æ®æ–‡ä»¶å…±è€—æ—¶ 0 ns
start delete-search-50%


======== Start Addition ========
Total bucket count 65535
Tree height 15
Total numBucketLeaf 32768
Total bucket count 65535
Tree height 15
Total numBucketLeaf 32768

-------- add 10000 files--------

-------- add 20000 files--------

-------- add 30000 files--------

-------- add 40000 files--------

-------- add 50000 files--------

-------- add 60000 files--------

-------- add 70000 files--------

-------- add 80000 files--------

-------- add 90000 files--------

-------- add 100000 files--------

======== Deleting doc ========

-------- del 10000 files --------

-------- del 20000 files --------

-------- del 30000 files --------

-------- del 40000 files --------

-------- del 50000 files --------

======== Start To Search ========
result size 1000 
æœç´¢å…±è€—æ—¶ 25119914691 ns
è°ƒç”¨GetData 22217 æ¬¡ å…±è€—æ—¶ 147481819 ns å‘é€ 121697 è¿”å› 8408638
è°ƒç”¨PutData 22217 æ¬¡ï¼Œå…±è€—æ—¶ 521348216 ns å‘é€ 8408638 è¿”å› 0
ä¼ é€åŠ å¯†åæ–‡ä»¶å…±è€—æ—¶ 0 ns å‘é€ 0 è¿”å› 0
è°ƒç”¨GetDataå…±è€—æ—¶ 140967389 ns
è°ƒç”¨PutDataå…±è€—æ—¶ 512321555 ns
æ¥å—åŠ å¯†æ•°æ®æ–‡ä»¶å…±è€—æ—¶ 0 ns
start delete-search-60%


======== Start Addition ========
Total bucket count 65535
Tree height 15
Total numBucketLeaf 32768
Total bucket count 65535
Tree height 15
Total numBucketLeaf 32768

-------- add 10000 files--------

-------- add 20000 files--------

-------- add 30000 files--------

-------- add 40000 files--------

-------- add 50000 files--------

-------- add 60000 files--------

-------- add 70000 files--------

-------- add 80000 files--------

-------- add 90000 files--------

-------- add 100000 files--------

======== Deleting doc ========

-------- del 10000 files --------

-------- del 20000 files --------

-------- del 30000 files --------

-------- del 40000 files --------

-------- del 50000 files --------

-------- del 60000 files --------

======== Start To Search ========
result size 1000 
æœç´¢å…±è€—æ—¶ 24758965623 ns
è°ƒç”¨GetData 22652 æ¬¡ å…±è€—æ—¶ 138269166 ns å‘é€ 124102 è¿”å› 8573298
è°ƒç”¨PutData 22652 æ¬¡ï¼Œå…±è€—æ—¶ 505757373 ns å‘é€ 8573298 è¿”å› 0
ä¼ é€åŠ å¯†åæ–‡ä»¶å…±è€—æ—¶ 0 ns å‘é€ 0 è¿”å› 0
è°ƒç”¨GetDataå…±è€—æ—¶ 132695674 ns
è°ƒç”¨PutDataå…±è€—æ—¶ 497641706 ns
æ¥å—åŠ å¯†æ•°æ®æ–‡ä»¶å…±è€—æ—¶ 0 ns
start delete-search-70%


======== Start Addition ========
Total bucket count 65535
Tree height 15
Total numBucketLeaf 32768
Total bucket count 65535
Tree height 15
Total numBucketLeaf 32768

-------- add 10000 files--------

-------- add 20000 files--------

-------- add 30000 files--------

-------- add 40000 files--------

-------- add 50000 files--------

-------- add 60000 files--------

-------- add 70000 files--------

-------- add 80000 files--------

-------- add 90000 files--------

-------- add 100000 files--------

======== Deleting doc ========

-------- del 10000 files --------

-------- del 20000 files --------

-------- del 30000 files --------

-------- del 40000 files --------

-------- del 50000 files --------

-------- del 60000 files --------

-------- del 70000 files --------

======== Start To Search ========
result size 1000 
æœç´¢å…±è€—æ—¶ 26723179840 ns
è°ƒç”¨GetData 23032 æ¬¡ å…±è€—æ—¶ 146384283 ns å‘é€ 126318 è¿”å› 8717254
è°ƒç”¨PutData 23032 æ¬¡ï¼Œå…±è€—æ—¶ 528138968 ns å‘é€ 8717254 è¿”å› 0
ä¼ é€åŠ å¯†åæ–‡ä»¶å…±è€—æ—¶ 0 ns å‘é€ 0 è¿”å› 0
è°ƒç”¨GetDataå…±è€—æ—¶ 139937296 ns
è°ƒç”¨PutDataå…±è€—æ—¶ 518789861 ns
æ¥å—åŠ å¯†æ•°æ®æ–‡ä»¶å…±è€—æ—¶ 0 ns
start delete-search-80%


======== Start Addition ========
Total bucket count 65535
Tree height 15
Total numBucketLeaf 32768
Total bucket count 65535
Tree height 15
Total numBucketLeaf 32768

-------- add 10000 files--------

-------- add 20000 files--------

-------- add 30000 files--------

-------- add 40000 files--------

-------- add 50000 files--------

-------- add 60000 files--------

-------- add 70000 files--------

-------- add 80000 files--------

-------- add 90000 files--------

-------- add 100000 files--------

======== Deleting doc ========

-------- del 10000 files --------

-------- del 20000 files --------

-------- del 30000 files --------

-------- del 40000 files --------

-------- del 50000 files --------

-------- del 60000 files --------

-------- del 70000 files --------

-------- del 80000 files --------

======== Start To Search ========
result size 1000 
æœç´¢å…±è€—æ—¶ 30151386217 ns
è°ƒç”¨GetData 23607 æ¬¡ å…±è€—æ—¶ 167807589 ns å‘é€ 129568 è¿”å› 8934979
è°ƒç”¨PutData 23607 æ¬¡ï¼Œå…±è€—æ—¶ 565694784 ns å‘é€ 8934979 è¿”å› 0
ä¼ é€åŠ å¯†åæ–‡ä»¶å…±è€—æ—¶ 0 ns å‘é€ 0 è¿”å› 0
è°ƒç”¨GetDataå…±è€—æ—¶ 160883011 ns
è°ƒç”¨PutDataå…±è€—æ—¶ 556453043 ns
æ¥å—åŠ å¯†æ•°æ®æ–‡ä»¶å…±è€—æ—¶ 0 ns
start delete-search-90%


======== Start Addition ========
Total bucket count 65535
Tree height 15
Total numBucketLeaf 32768
Total bucket count 65535
Tree height 15
Total numBucketLeaf 32768

-------- add 10000 files--------

-------- add 20000 files--------

-------- add 30000 files--------

-------- add 40000 files--------

-------- add 50000 files--------

-------- add 60000 files--------

-------- add 70000 files--------

-------- add 80000 files--------

-------- add 90000 files--------

-------- add 100000 files--------

======== Deleting doc ========

-------- del 10000 files --------

-------- del 20000 files --------

-------- del 30000 files --------

-------- del 40000 files --------

-------- del 50000 files --------

-------- del 60000 files --------

-------- del 70000 files --------

-------- del 80000 files --------

-------- del 90000 files --------

======== Start To Search ========
result size 1000 
æœç´¢å…±è€—æ—¶ 29537369976 ns
è°ƒç”¨GetData 24011 æ¬¡ å…±è€—æ—¶ 152500352 ns å‘é€ 131870 è¿”å› 9087973
è°ƒç”¨PutData 24011 æ¬¡ï¼Œå…±è€—æ—¶ 552220432 ns å‘é€ 9087973 è¿”å› 0
ä¼ é€åŠ å¯†åæ–‡ä»¶å…±è€—æ—¶ 0 ns å‘é€ 0 è¿”å› 0
è°ƒç”¨GetDataå…±è€—æ—¶ 146036364 ns
è°ƒç”¨PutDataå…±è€—æ—¶ 542949492 ns
æ¥å—åŠ å¯†æ•°æ®æ–‡ä»¶å…±è€—æ—¶ 0 ns
(base) [01;32masunalxh@ubuntu[00m:[01;34m~/gRPC_Orion[00m$ exit
exit

Script done on 2022-05-29 14:33:50+08:00 [COMMAND_EXIT_CODE="0"]
