Script started on 2022-06-03 17:53:34+08:00 [TERM="screen.xterm-256color" TTY="/dev/pts/0" COLUMNS="120" LINES="30"]
(base) [01;32masunalxh@ubuntu[00m:[01;34m~/gRPC_Orion[00m$ bash run.sh 
/home/asunalxh/data/variable-result-size/enron-10w_enron-1w.txt enron

======== Start Addition ========
Total bucket count 65535
Tree height 15
Total numBucketLeaf 32768
Total bucket count 65535
Tree height 15
Total numBucketLeaf 32768

-------- add 10000 files--------

-------- add 20000 files--------

-------- add 30000 files--------

-------- add 40000 files--------

-------- add 50000 files--------

-------- add 60000 files--------

-------- add 70000 files--------

-------- add 80000 files--------

-------- add 90000 files--------

-------- add 100000 files--------
åŒ…æ‹¬åˆå§‹åŒ–æ€»ç”¨æ—¶ï¼š 5933252099786 ns
æ’å…¥æ€»ç”¨æ—¶ï¼š 5929698005590 ns
è°ƒç”¨GetData 132844756 æ¬¡ å…±è€—æ—¶ 782636913315 ns å‘é€ 670069245 è¿”å› 50221163233
è°ƒç”¨PutData 132975826 æ¬¡ï¼Œå…±è€—æ—¶ 2820763362461 ns å‘é€ 50270805735 è¿”å› 0
ä¼ é€åŠ å¯†åæ–‡ä»¶å…±è€—æ—¶ 49426675 ns å‘é€ 5177534 è¿”å› 0
è°ƒç”¨GetDataå…±è€—æ—¶ 753188441516 ns
è°ƒç”¨PutDataå…±è€—æ—¶ 2791518043327 ns
æ¥å—åŠ å¯†æ•°æ®æ–‡ä»¶å…±è€—æ—¶ 18114921 ns

======== Start To Search ========
result size 10000 
æœç´¢å…±è€—æ—¶ 247350671591 ns
è°ƒç”¨GetData 49307 æ¬¡ å…±è€—æ—¶ 322410971 ns å‘é€ 279574 è¿”å› 18671085
è°ƒç”¨PutData 49307 æ¬¡ï¼Œå…±è€—æ—¶ 1190683227 ns å‘é€ 18671085 è¿”å› 0
ä¼ é€åŠ å¯†åæ–‡ä»¶å…±è€—æ—¶ 0 ns å‘é€ 0 è¿”å› 0
è°ƒç”¨GetDataå…±è€—æ—¶ 306380866 ns
è°ƒç”¨PutDataå…±è€—æ—¶ 1165556281 ns
æ¥å—åŠ å¯†æ•°æ®æ–‡ä»¶å…±è€—æ—¶ 0 ns
/home/asunalxh/data/variable-result-size/enron-10w_enron-5k.txt enron

======== Start Addition ========
Total bucket count 65535
Tree height 15
Total numBucketLeaf 32768
Total bucket count 65535
Tree height 15
Total numBucketLeaf 32768

-------- add 10000 files--------

-------- add 20000 files--------

-------- add 30000 files--------

-------- add 40000 files--------

-------- add 50000 files--------

-------- add 60000 files--------

-------- add 70000 files--------

-------- add 80000 files--------

-------- add 90000 files--------

-------- add 100000 files--------
åŒ…æ‹¬åˆå§‹åŒ–æ€»ç”¨æ—¶ï¼š 5592618096984 ns
æ’å…¥æ€»ç”¨æ—¶ï¼š 5589587802831 ns
è°ƒç”¨GetData 132837244 æ¬¡ å…±è€—æ—¶ 782420319184 ns å‘é€ 670024043 è¿”å› 50218316055
è°ƒç”¨PutData 132968314 æ¬¡ï¼Œå…±è€—æ—¶ 2811995658164 ns å‘é€ 50267958557 è¿”å› 0
ä¼ é€åŠ å¯†åæ–‡ä»¶å…±è€—æ—¶ 49094804 ns å‘é€ 4300000 è¿”å› 0
è°ƒç”¨GetDataå…±è€—æ—¶ 753287026817 ns
è°ƒç”¨PutDataå…±è€—æ—¶ 2783953209811 ns
æ¥å—åŠ å¯†æ•°æ®æ–‡ä»¶å…±è€—æ—¶ 18563493 ns

======== Start To Search ========
result size 0 
æœç´¢å…±è€—æ—¶ 9174219 ns
è°ƒç”¨GetData 252 æ¬¡ å…±è€—æ—¶ 1405042 ns å‘é€ 1247 è¿”å› 95243
è°ƒç”¨PutData 252 æ¬¡ï¼Œå…±è€—æ—¶ 5206059 ns å‘é€ 95243 è¿”å› 0
ä¼ é€åŠ å¯†åæ–‡ä»¶å…±è€—æ—¶ 0 ns å‘é€ 0 è¿”å› 0
è°ƒç”¨GetDataå…±è€—æ—¶ 1352295 ns
è°ƒç”¨PutDataå…±è€—æ—¶ 5156055 ns
æ¥å—åŠ å¯†æ•°æ®æ–‡ä»¶å…±è€—æ—¶ 0 ns
/home/asunalxh/data/variable-result-size/enron-10w_enron-1k.txt enron

======== Start Addition ========
Total bucket count 65535
Tree height 15
Total numBucketLeaf 32768
Total bucket count 65535
Tree height 15
Total numBucketLeaf 32768

-------- add 10000 files--------

-------- add 20000 files--------

-------- add 30000 files--------

-------- add 40000 files--------

-------- add 50000 files--------

-------- add 60000 files--------

-------- add 70000 files--------

-------- add 80000 files--------

-------- add 90000 files--------

-------- add 100000 files--------
åŒ…æ‹¬åˆå§‹åŒ–æ€»ç”¨æ—¶ï¼š 5959569965277 ns
æ’å…¥æ€»ç”¨æ—¶ï¼š 5956547196248 ns
è°ƒç”¨GetData 132843791 æ¬¡ å…±è€—æ—¶ 785361235220 ns å‘é€ 670062918 è¿”å› 50220796961
è°ƒç”¨PutData 132974861 æ¬¡ï¼Œå…±è€—æ—¶ 2817375869204 ns å‘é€ 50270439463 è¿”å› 0
ä¼ é€åŠ å¯†åæ–‡ä»¶å…±è€—æ—¶ 49301251 ns å‘é€ 5195770 è¿”å› 0
è°ƒç”¨GetDataå…±è€—æ—¶ 755269973075 ns
è°ƒç”¨PutDataå…±è€—æ—¶ 2788231171355 ns
æ¥å—åŠ å¯†æ•°æ®æ–‡ä»¶å…±è€—æ—¶ 17888145 ns

======== Start To Search ========
result size 1000 
æœç´¢å…±è€—æ—¶ 22126240695 ns
è°ƒç”¨GetData 21611 æ¬¡ å…±è€—æ—¶ 131066559 ns å‘é€ 118230 è¿”å› 8179133
è°ƒç”¨PutData 21611 æ¬¡ï¼Œå…±è€—æ—¶ 484427517 ns å‘é€ 8179133 è¿”å› 0
ä¼ é€åŠ å¯†åæ–‡ä»¶å…±è€—æ—¶ 0 ns å‘é€ 0 è¿”å› 0
è°ƒç”¨GetDataå…±è€—æ—¶ 125096174 ns
è°ƒç”¨PutDataå…±è€—æ—¶ 477240844 ns
æ¥å—åŠ å¯†æ•°æ®æ–‡ä»¶å…±è€—æ—¶ 0 ns
/home/asunalxh/data/variable-result-size/enron-10w_enron-100.txt enron

======== Start Addition ========
Total bucket count 65535
Tree height 15
Total numBucketLeaf 32768
Total bucket count 65535
Tree height 15
Total numBucketLeaf 32768

-------- add 10000 files--------

-------- add 20000 files--------

-------- add 30000 files--------

-------- add 40000 files--------

-------- add 50000 files--------

-------- add 60000 files--------

-------- add 70000 files--------

-------- add 80000 files--------

-------- add 90000 files--------

-------- add 100000 files--------
åŒ…æ‹¬åˆå§‹åŒ–æ€»ç”¨æ—¶ï¼š 5988858749963 ns
æ’å…¥æ€»ç”¨æ—¶ï¼š 5985794802400 ns
è°ƒç”¨GetData 132838329 æ¬¡ å…±è€—æ—¶ 787026278696 ns å‘é€ 670037104 è¿”å› 50218733821
è°ƒç”¨PutData 132969399 æ¬¡ï¼Œå…±è€—æ—¶ 2825992652442 ns å‘é€ 50268376323 è¿”å› 0
ä¼ é€åŠ å¯†åæ–‡ä»¶å…±è€—æ—¶ 48088249 ns å‘é€ 5197715 è¿”å› 0
è°ƒç”¨GetDataå…±è€—æ—¶ 757702759326 ns
è°ƒç”¨PutDataå…±è€—æ—¶ 2796248137561 ns
æ¥å—åŠ å¯†æ•°æ®æ–‡ä»¶å…±è€—æ—¶ 17555192 ns

======== Start To Search ========
result size 100 
æœç´¢å…±è€—æ—¶ 1039033920 ns
è°ƒç”¨GetData 5639 æ¬¡ å…±è€—æ—¶ 33071026 ns å‘é€ 29795 è¿”å› 2133142
è°ƒç”¨PutData 5639 æ¬¡ï¼Œå…±è€—æ—¶ 118792651 ns å‘é€ 2133142 è¿”å› 0
ä¼ é€åŠ å¯†åæ–‡ä»¶å…±è€—æ—¶ 0 ns å‘é€ 0 è¿”å› 0
è°ƒç”¨GetDataå…±è€—æ—¶ 31733209 ns
è°ƒç”¨PutDataå…±è€—æ—¶ 117495481 ns
æ¥å—åŠ å¯†æ•°æ®æ–‡ä»¶å…±è€—æ—¶ 0 ns
/home/asunalxh/data/variable-result-size/enron-10w_enron-10.txt enron

======== Start Addition ========
Total bucket count 65535
Tree height 15
Total numBucketLeaf 32768
Total bucket count 65535
Tree height 15
Total numBucketLeaf 32768

-------- add 10000 files--------

-------- add 20000 files--------

-------- add 30000 files--------

-------- add 40000 files--------

-------- add 50000 files--------

-------- add 60000 files--------

-------- add 70000 files--------

-------- add 80000 files--------

-------- add 90000 files--------

-------- add 100000 files--------
åŒ…æ‹¬åˆå§‹åŒ–æ€»ç”¨æ—¶ï¼š 5936646346454 ns
æ’å…¥æ€»ç”¨æ—¶ï¼š 5933615131896 ns
è°ƒç”¨GetData 132844276 æ¬¡ å…±è€—æ—¶ 781621867629 ns å‘é€ 670064757 è¿”å› 50220979705
è°ƒç”¨PutData 132975346 æ¬¡ï¼Œå…±è€—æ—¶ 2808925578983 ns å‘é€ 50270622207 è¿”å› 0
ä¼ é€åŠ å¯†åæ–‡ä»¶å…±è€—æ—¶ 49343807 ns å‘é€ 5197857 è¿”å› 0
è°ƒç”¨GetDataå…±è€—æ—¶ 751819965007 ns
è°ƒç”¨PutDataå…±è€—æ—¶ 2779430149714 ns
æ¥å—åŠ å¯†æ•°æ®æ–‡ä»¶å…±è€—æ—¶ 18339768 ns

======== Start To Search ========
result size 10 
æœç´¢å…±è€—æ—¶ 66421606 ns
è°ƒç”¨GetData 1157 æ¬¡ å…±è€—æ—¶ 6565342 ns å‘é€ 5916 è¿”å› 437477
è°ƒç”¨PutData 1157 æ¬¡ï¼Œå…±è€—æ—¶ 23943345 ns å‘é€ 437477 è¿”å› 0
ä¼ é€åŠ å¯†åæ–‡ä»¶å…±è€—æ—¶ 0 ns å‘é€ 0 è¿”å› 0
è°ƒç”¨GetDataå…±è€—æ—¶ 6319925 ns
è°ƒç”¨PutDataå…±è€—æ—¶ 23684096 ns
æ¥å—åŠ å¯†æ•°æ®æ–‡ä»¶å…±è€—æ—¶ 0 ns
/home/asunalxh/data/variable-result-size/wiki-10w_refer-1w.txt refer

======== Start Addition ========
Total bucket count 65535
Tree height 15
Total numBucketLeaf 32768
Total bucket count 65535
Tree height 15
Total numBucketLeaf 32768

-------- add 10000 files--------

-------- add 20000 files--------

-------- add 30000 files--------

-------- add 40000 files--------

-------- add 50000 files--------

-------- add 60000 files--------

-------- add 70000 files--------

-------- add 80000 files--------

-------- add 90000 files--------

-------- add 100000 files--------
åŒ…æ‹¬åˆå§‹åŒ–æ€»ç”¨æ—¶ï¼š 5950012614694 ns
æ’å…¥æ€»ç”¨æ—¶ï¼š 5946994336871 ns
è°ƒç”¨GetData 132845733 æ¬¡ å…±è€—æ—¶ 777983288442 ns å‘é€ 670073662 è¿”å› 50221532071
è°ƒç”¨PutData 132976803 æ¬¡ï¼Œå…±è€—æ—¶ 2804504078617 ns å‘é€ 50271174573 è¿”å› 0
ä¼ é€åŠ å¯†åæ–‡ä»¶å…±è€—æ—¶ 49119222 ns å‘é€ 5235276 è¿”å› 0
è°ƒç”¨GetDataå…±è€—æ—¶ 749296696345 ns
è°ƒç”¨PutDataå…±è€—æ—¶ 2775470276793 ns
æ¥å—åŠ å¯†æ•°æ®æ–‡ä»¶å…±è€—æ—¶ 17614905 ns

======== Start To Search ========
result size 10000 
æœç´¢å…±è€—æ—¶ 239499184547 ns
è°ƒç”¨GetData 49850 æ¬¡ å…±è€—æ—¶ 328155013 ns å‘é€ 282760 è¿”å› 18876810
è°ƒç”¨PutData 49850 æ¬¡ï¼Œå…±è€—æ—¶ 1180031298 ns å‘é€ 18876810 è¿”å› 0
ä¼ é€åŠ å¯†åæ–‡ä»¶å…±è€—æ—¶ 0 ns å‘é€ 0 è¿”å› 0
è°ƒç”¨GetDataå…±è€—æ—¶ 311254344 ns
è°ƒç”¨PutDataå…±è€—æ—¶ 1155807973 ns
æ¥å—åŠ å¯†æ•°æ®æ–‡ä»¶å…±è€—æ—¶ 0 ns
/home/asunalxh/data/variable-result-size/wiki-10w_refer-5k.txt refer

======== Start Addition ========
Total bucket count 65535
Tree height 15
Total numBucketLeaf 32768
Total bucket count 65535
Tree height 15
Total numBucketLeaf 32768

-------- add 10000 files--------

-------- add 20000 files--------

-------- add 30000 files--------

-------- add 40000 files--------

-------- add 50000 files--------

-------- add 60000 files--------

-------- add 70000 files--------

-------- add 80000 files--------

-------- add 90000 files--------

-------- add 100000 files--------
åŒ…æ‹¬åˆå§‹åŒ–æ€»ç”¨æ—¶ï¼š 5567365546237 ns
æ’å…¥æ€»ç”¨æ—¶ï¼š 5564364050144 ns
è°ƒç”¨GetData 132835626 æ¬¡ å…±è€—æ—¶ 781786437448 ns å‘é€ 670017845 è¿”å› 50217706343
è°ƒç”¨PutData 132966696 æ¬¡ï¼Œå…±è€—æ—¶ 2796152212385 ns å‘é€ 50267348845 è¿”å› 0
ä¼ é€åŠ å¯†åæ–‡ä»¶å…±è€—æ—¶ 48625024 ns å‘é€ 4300000 è¿”å› 0
è°ƒç”¨GetDataå…±è€—æ—¶ 752347744159 ns
è°ƒç”¨PutDataå…±è€—æ—¶ 2767309718341 ns
æ¥å—åŠ å¯†æ•°æ®æ–‡ä»¶å…±è€—æ—¶ 17160436 ns

======== Start To Search ========
result size 0 
æœç´¢å…±è€—æ—¶ 9385659 ns
è°ƒç”¨GetData 254 æ¬¡ å…±è€—æ—¶ 1498770 ns å‘é€ 1252 è¿”å› 95994
è°ƒç”¨PutData 254 æ¬¡ï¼Œå…±è€—æ—¶ 5258365 ns å‘é€ 95994 è¿”å› 0
ä¼ é€åŠ å¯†åæ–‡ä»¶å…±è€—æ—¶ 0 ns å‘é€ 0 è¿”å› 0
è°ƒç”¨GetDataå…±è€—æ—¶ 1444526 ns
è°ƒç”¨PutDataå…±è€—æ—¶ 5205406 ns
æ¥å—åŠ å¯†æ•°æ®æ–‡ä»¶å…±è€—æ—¶ 0 ns
/home/asunalxh/data/variable-result-size/wiki-10w_refer-1k.txt refer

======== Start Addition ========
Total bucket count 65535
Tree height 15
Total numBucketLeaf 32768
Total bucket count 65535
Tree height 15
Total numBucketLeaf 32768

-------- add 10000 files--------

-------- add 20000 files--------

-------- add 30000 files--------

-------- add 40000 files--------

-------- add 50000 files--------

-------- add 60000 files--------

-------- add 70000 files--------

-------- add 80000 files--------

-------- add 90000 files--------

-------- add 100000 files--------
åŒ…æ‹¬åˆå§‹åŒ–æ€»ç”¨æ—¶ï¼š 5954225339753 ns
æ’å…¥æ€»ç”¨æ—¶ï¼š 5951198718660 ns
è°ƒç”¨GetData 132837691 æ¬¡ å…±è€—æ—¶ 781428708868 ns å‘é€ 670031800 è¿”å› 50218490543
è°ƒç”¨PutData 132968761 æ¬¡ï¼Œå…±è€—æ—¶ 2800714971180 ns å‘é€ 50268133045 è¿”å› 0
ä¼ é€åŠ å¯†åæ–‡ä»¶å…±è€—æ—¶ 48409650 ns å‘é€ 5258225 è¿”å› 0
è°ƒç”¨GetDataå…±è€—æ—¶ 752381024701 ns
è°ƒç”¨PutDataå…±è€—æ—¶ 2771588575736 ns
æ¥å—åŠ å¯†æ•°æ®æ–‡ä»¶å…±è€—æ—¶ 17825673 ns

======== Start To Search ========
result size 1000 
æœç´¢å…±è€—æ—¶ 23198233114 ns
è°ƒç”¨GetData 22182 æ¬¡ å…±è€—æ—¶ 134612583 ns å‘é€ 121420 è¿”å› 8395306
è°ƒç”¨PutData 22182 æ¬¡ï¼Œå…±è€—æ—¶ 494679276 ns å‘é€ 8395306 è¿”å› 0
ä¼ é€åŠ å¯†åæ–‡ä»¶å…±è€—æ—¶ 0 ns å‘é€ 0 è¿”å› 0
è°ƒç”¨GetDataå…±è€—æ—¶ 128714215 ns
è°ƒç”¨PutDataå…±è€—æ—¶ 487318243 ns
æ¥å—åŠ å¯†æ•°æ®æ–‡ä»¶å…±è€—æ—¶ 0 ns
/home/asunalxh/data/variable-result-size/wiki-10w_refer-100.txt refer

======== Start Addition ========
Total bucket count 65535
Tree height 15
Total numBucketLeaf 32768
Total bucket count 65535
Tree height 15
Total numBucketLeaf 32768

-------- add 10000 files--------

-------- add 20000 files--------

-------- add 30000 files--------

-------- add 40000 files--------

-------- add 50000 files--------

-------- add 60000 files--------

-------- add 70000 files--------

-------- add 80000 files--------

-------- add 90000 files--------

-------- add 100000 files--------
åŒ…æ‹¬åˆå§‹åŒ–æ€»ç”¨æ—¶ï¼š 5993004163674 ns
æ’å…¥æ€»ç”¨æ—¶ï¼š 5989546613884 ns
è°ƒç”¨GetData 132843311 æ¬¡ å…±è€—æ—¶ 783863208034 ns å‘é€ 670062138 è¿”å› 50220617141
è°ƒç”¨PutData 132974381 æ¬¡ï¼Œå…±è€—æ—¶ 2807481163241 ns å‘é€ 50270259643 è¿”å› 0
ä¼ é€åŠ å¯†åæ–‡ä»¶å…±è€—æ—¶ 47996771 ns å‘é€ 5259376 è¿”å› 0
è°ƒç”¨GetDataå…±è€—æ—¶ 754656976604 ns
è°ƒç”¨PutDataå…±è€—æ—¶ 2778957552025 ns
æ¥å—åŠ å¯†æ•°æ®æ–‡ä»¶å…±è€—æ—¶ 17356547 ns

======== Start To Search ========
result size 100 
æœç´¢å…±è€—æ—¶ 1116629252 ns
è°ƒç”¨GetData 5808 æ¬¡ å…±è€—æ—¶ 35589872 ns å‘é€ 30719 è¿”å› 2197103
è°ƒç”¨PutData 5808 æ¬¡ï¼Œå…±è€—æ—¶ 122260099 ns å‘é€ 2197103 è¿”å› 0
ä¼ é€åŠ å¯†åæ–‡ä»¶å…±è€—æ—¶ 0 ns å‘é€ 0 è¿”å› 0
è°ƒç”¨GetDataå…±è€—æ—¶ 34212404 ns
è°ƒç”¨PutDataå…±è€—æ—¶ 120961998 ns
æ¥å—åŠ å¯†æ•°æ®æ–‡ä»¶å…±è€—æ—¶ 0 ns
/home/asunalxh/data/variable-result-size/wiki-10w_refer-10.txt refer

======== Start Addition ========
Total bucket count 65535
Tree height 15
Total numBucketLeaf 32768
Total bucket count 65535
Tree height 15
Total numBucketLeaf 32768

-------- add 10000 files--------

-------- add 20000 files--------

-------- add 30000 files--------

-------- add 40000 files--------

-------- add 50000 files--------

-------- add 60000 files--------

-------- add 70000 files--------

-------- add 80000 files--------

-------- add 90000 files--------

-------- add 100000 files--------
åŒ…æ‹¬åˆå§‹åŒ–æ€»ç”¨æ—¶ï¼š 6083860109877 ns
æ’å…¥æ€»ç”¨æ—¶ï¼š 6080732944120 ns
è°ƒç”¨GetData 132845790 æ¬¡ å…±è€—æ—¶ 795681291840 ns å‘é€ 670071271 è¿”å› 50221550941
è°ƒç”¨PutData 132976860 æ¬¡ï¼Œå…±è€—æ—¶ 2849585777509 ns å‘é€ 50271193443 è¿”å› 0
ä¼ é€åŠ å¯†åæ–‡ä»¶å…±è€—æ—¶ 49527239 ns å‘é€ 5258838 è¿”å› 0
è°ƒç”¨GetDataå…±è€—æ—¶ 765965411914 ns
è°ƒç”¨PutDataå…±è€—æ—¶ 2819859124988 ns
æ¥å—åŠ å¯†æ•°æ®æ–‡ä»¶å…±è€—æ—¶ 18448849 ns

======== Start To Search ========
result size 10 
æœç´¢å…±è€—æ—¶ 77347387 ns
è°ƒç”¨GetData 1229 æ¬¡ å…±è€—æ—¶ 7140328 ns å‘é€ 6300 è¿”å› 464717
è°ƒç”¨PutData 1229 æ¬¡ï¼Œå…±è€—æ—¶ 25711469 ns å‘é€ 464717 è¿”å› 0
ä¼ é€åŠ å¯†åæ–‡ä»¶å…±è€—æ—¶ 0 ns å‘é€ 0 è¿”å› 0
è°ƒç”¨GetDataå…±è€—æ—¶ 6866289 ns
è°ƒç”¨PutDataå…±è€—æ—¶ 25443855 ns
æ¥å—åŠ å¯†æ•°æ®æ–‡ä»¶å…±è€—æ—¶ 0 ns
(base) [01;32masunalxh@ubuntu[00m:[01;34m~/gRPC_Orion[00m$ exit
exit

Script done on 2022-06-04 14:35:08+08:00 [COMMAND_EXIT_CODE="0"]
