Script started on 2022-06-02 19:16:30+08:00 [TERM="screen.xterm-256color" TTY="/dev/pts/0" COLUMNS="120" LINES="30"]
(base) [01;32masunalxh@ubuntu[00m:[01;34m~/gRPC_Orion[00m$ bash run.sh 
/home/asunalxh/data/variable-result-size/crime-10000-NARCOTICS.txt NARCOTICS

======== Start Addition ========
Total bucket count 65535
Tree height 15
Total numBucketLeaf 32768
Total bucket count 65535
Tree height 15
Total numBucketLeaf 32768

-------- add 10000 files--------

-------- add 20000 files--------

-------- add 30000 files--------

-------- add 40000 files--------

-------- add 50000 files--------

-------- add 60000 files--------

-------- add 70000 files--------

-------- add 80000 files--------

-------- add 90000 files--------

-------- add 100000 files--------
åŒ…æ‹¬åˆå§‹åŒ–æ€»ç”¨æ—¶ï¼š 5965673240780 ns
æ’å…¥æ€»ç”¨æ—¶ï¼š 5962668754029 ns
è°ƒç”¨GetData 132842192 æ¬¡ å…±è€—æ—¶ 775607288336 ns å‘é€ 670054253 è¿”å› 50220191869
è°ƒç”¨PutData 132973262 æ¬¡ï¼Œå…±è€—æ—¶ 2801119244989 ns å‘é€ 50269834371 è¿”å› 0
ä¼ é€åŠ å¯†åæ–‡ä»¶å…±è€—æ—¶ 52288692 ns å‘é€ 5380790 è¿”å› 0
è°ƒç”¨GetDataå…±è€—æ—¶ 748084336534 ns
è°ƒç”¨PutDataå…±è€—æ—¶ 2772373515649 ns
æ¥å—åŠ å¯†æ•°æ®æ–‡ä»¶å…±è€—æ—¶ 18842241 ns

======== Start To Search ========
result size 10000 
æœç´¢å…±è€—æ—¶ 262653856176 ns
è°ƒç”¨GetData 49803 æ¬¡ å…±è€—æ—¶ 312929828 ns å‘é€ 282528 è¿”å› 18859047
è°ƒç”¨PutData 49803 æ¬¡ï¼Œå…±è€—æ—¶ 1211184888 ns å‘é€ 18859047 è¿”å› 0
ä¼ é€åŠ å¯†åæ–‡ä»¶å…±è€—æ—¶ 0 ns å‘é€ 0 è¿”å› 0
è°ƒç”¨GetDataå…±è€—æ—¶ 298818908 ns
è°ƒç”¨PutDataå…±è€—æ—¶ 1185118833 ns
æ¥å—åŠ å¯†æ•°æ®æ–‡ä»¶å…±è€—æ—¶ 0 ns
/home/asunalxh/data/variable-result-size/crime-5000-BURGLARY.txt BURGLARY

======== Start Addition ========
Total bucket count 65535
Tree height 15
Total numBucketLeaf 32768
Total bucket count 65535
Tree height 15
Total numBucketLeaf 32768

-------- add 10000 files--------

-------- add 20000 files--------

-------- add 30000 files--------

-------- add 40000 files--------

-------- add 50000 files--------

-------- add 60000 files--------

-------- add 70000 files--------

-------- add 80000 files--------

-------- add 90000 files--------

-------- add 100000 files--------
åŒ…æ‹¬åˆå§‹åŒ–æ€»ç”¨æ—¶ï¼š 6030664716619 ns
æ’å…¥æ€»ç”¨æ—¶ï¼š 6027532733533 ns
è°ƒç”¨GetData 132843872 æ¬¡ å…±è€—æ—¶ 788506577906 ns å‘é€ 670062576 è¿”å› 50220826832
è°ƒç”¨PutData 132974942 æ¬¡ï¼Œå…±è€—æ—¶ 2826178371460 ns å‘é€ 50270469334 è¿”å› 0
ä¼ é€åŠ å¯†åæ–‡ä»¶å…±è€—æ—¶ 50860040 ns å‘é€ 5377934 è¿”å› 0
è°ƒç”¨GetDataå…±è€—æ—¶ 760990161629 ns
è°ƒç”¨PutDataå…±è€—æ—¶ 2797067353315 ns
æ¥å—åŠ å¯†æ•°æ®æ–‡ä»¶å…±è€—æ—¶ 18032607 ns

======== Start To Search ========
result size 5000 
æœç´¢å…±è€—æ—¶ 169899866165 ns
è°ƒç”¨GetData 43302 æ¬¡ å…±è€—æ—¶ 286024349 ns å‘é€ 243944 è¿”å› 16395590
è°ƒç”¨PutData 43302 æ¬¡ï¼Œå…±è€—æ—¶ 1033518590 ns å‘é€ 16395590 è¿”å› 0
ä¼ é€åŠ å¯†åæ–‡ä»¶å…±è€—æ—¶ 0 ns å‘é€ 0 è¿”å› 0
è°ƒç”¨GetDataå…±è€—æ—¶ 273094783 ns
è°ƒç”¨PutDataå…±è€—æ—¶ 1013152236 ns
æ¥å—åŠ å¯†æ•°æ®æ–‡ä»¶å…±è€—æ—¶ 0 ns
/home/asunalxh/data/variable-result-size/crime-1000-NARCOTICS.txt NARCOTICS

======== Start Addition ========
Total bucket count 65535
Tree height 15
Total numBucketLeaf 32768
Total bucket count 65535
Tree height 15
Total numBucketLeaf 32768

-------- add 10000 files--------

-------- add 20000 files--------

-------- add 30000 files--------

-------- add 40000 files--------

-------- add 50000 files--------

-------- add 60000 files--------

-------- add 70000 files--------

-------- add 80000 files--------

-------- add 90000 files--------

-------- add 100000 files--------
åŒ…æ‹¬åˆå§‹åŒ–æ€»ç”¨æ—¶ï¼š 5953894567142 ns
æ’å…¥æ€»ç”¨æ—¶ï¼š 5950786151938 ns
è°ƒç”¨GetData 132849906 æ¬¡ å…±è€—æ—¶ 772128602592 ns å‘é€ 670089848 è¿”å› 50223104786
è°ƒç”¨PutData 132980976 æ¬¡ï¼Œå…±è€—æ—¶ 2780921956235 ns å‘é€ 50272747288 è¿”å› 0
ä¼ é€åŠ å¯†åæ–‡ä»¶å…±è€—æ—¶ 50138610 ns å‘é€ 5324830 è¿”å› 0
è°ƒç”¨GetDataå…±è€—æ—¶ 743299751466 ns
è°ƒç”¨PutDataå…±è€—æ—¶ 2752609874025 ns
æ¥å—åŠ å¯†æ•°æ®æ–‡ä»¶å…±è€—æ—¶ 18913661 ns

======== Start To Search ========
result size 1000 
æœç´¢å…±è€—æ—¶ 28694395746 ns
è°ƒç”¨GetData 23911 æ¬¡ å…±è€—æ—¶ 146716952 ns å‘é€ 131267 è¿”å› 9050070
è°ƒç”¨PutData 23911 æ¬¡ï¼Œå…±è€—æ—¶ 544893239 ns å‘é€ 9050070 è¿”å› 0
ä¼ é€åŠ å¯†åæ–‡ä»¶å…±è€—æ—¶ 0 ns å‘é€ 0 è¿”å› 0
è°ƒç”¨GetDataå…±è€—æ—¶ 140351239 ns
è°ƒç”¨PutDataå…±è€—æ—¶ 536366564 ns
æ¥å—åŠ å¯†æ•°æ®æ–‡ä»¶å…±è€—æ—¶ 0 ns
/home/asunalxh/data/variable-result-size/crime-500-HOMICIDE.txt HOMICIDE

======== Start Addition ========
Total bucket count 65535
Tree height 15
Total numBucketLeaf 32768
Total bucket count 65535
Tree height 15
Total numBucketLeaf 32768

-------- add 10000 files--------

-------- add 20000 files--------

-------- add 30000 files--------

-------- add 40000 files--------

-------- add 50000 files--------

-------- add 60000 files--------

-------- add 70000 files--------

-------- add 80000 files--------

-------- add 90000 files--------

-------- add 100000 files--------
åŒ…æ‹¬åˆå§‹åŒ–æ€»ç”¨æ—¶ï¼š 5970694418286 ns
æ’å…¥æ€»ç”¨æ—¶ï¼š 5967669223530 ns
è°ƒç”¨GetData 132847532 æ¬¡ å…±è€—æ—¶ 774667157967 ns å‘é€ 670082162 è¿”å› 50222211598
è°ƒç”¨PutData 132978602 æ¬¡ï¼Œå…±è€—æ—¶ 2813816309542 ns å‘é€ 50271854100 è¿”å› 0
ä¼ é€åŠ å¯†åæ–‡ä»¶å…±è€—æ—¶ 50922181 ns å‘é€ 5381498 è¿”å› 0
è°ƒç”¨GetDataå…±è€—æ—¶ 747695467788 ns
è°ƒç”¨PutDataå…±è€—æ—¶ 2785036940677 ns
æ¥å—åŠ å¯†æ•°æ®æ–‡ä»¶å…±è€—æ—¶ 17327549 ns

======== Start To Search ========
result size 500 
æœç´¢å…±è€—æ—¶ 12148565723 ns
è°ƒç”¨GetData 17118 æ¬¡ å…±è€—æ—¶ 100589312 ns å‘é€ 92952 è¿”å› 6477966
è°ƒç”¨PutData 17118 æ¬¡ï¼Œå…±è€—æ—¶ 371364596 ns å‘é€ 6477966 è¿”å› 0
ä¼ é€åŠ å¯†åæ–‡ä»¶å…±è€—æ—¶ 0 ns å‘é€ 0 è¿”å› 0
è°ƒç”¨GetDataå…±è€—æ—¶ 96826382 ns
è°ƒç”¨PutDataå…±è€—æ—¶ 366452753 ns
æ¥å—åŠ å¯†æ•°æ®æ–‡ä»¶å…±è€—æ—¶ 0 ns
/home/asunalxh/data/variable-result-size/crime-100-HOMICIDE.txt HOMICIDE

======== Start Addition ========
Total bucket count 65535
Tree height 15
Total numBucketLeaf 32768
Total bucket count 65535
Tree height 15
Total numBucketLeaf 32768

-------- add 10000 files--------

-------- add 20000 files--------

-------- add 30000 files--------

-------- add 40000 files--------

-------- add 50000 files--------

-------- add 60000 files--------

-------- add 70000 files--------

-------- add 80000 files--------

-------- add 90000 files--------

-------- add 100000 files--------
åŒ…æ‹¬åˆå§‹åŒ–æ€»ç”¨æ—¶ï¼š 5863074658442 ns
æ’å…¥æ€»ç”¨æ—¶ï¼š 5860088938402 ns
è°ƒç”¨GetData 132851199 æ¬¡ å…±è€—æ—¶ 766148615883 ns å‘é€ 670097493 è¿”å› 50223594720
è°ƒç”¨PutData 132982269 æ¬¡ï¼Œå…±è€—æ—¶ 2759789496586 ns å‘é€ 50273237222 è¿”å› 0
ä¼ é€åŠ å¯†åæ–‡ä»¶å…±è€—æ—¶ 47797308 ns å‘é€ 5380930 è¿”å› 0
è°ƒç”¨GetDataå…±è€—æ—¶ 739081709805 ns
è°ƒç”¨PutDataå…±è€—æ—¶ 2731106773964 ns
æ¥å—åŠ å¯†æ•°æ®æ–‡ä»¶å…±è€—æ—¶ 17259779 ns

======== Start To Search ========
result size 100 
æœç´¢å…±è€—æ—¶ 1286409989 ns
è°ƒç”¨GetData 6302 æ¬¡ å…±è€—æ—¶ 36501525 ns å‘é€ 33399 è¿”å› 2384045
è°ƒç”¨PutData 6302 æ¬¡ï¼Œå…±è€—æ—¶ 130447086 ns å‘é€ 2384045 è¿”å› 0
ä¼ é€åŠ å¯†åæ–‡ä»¶å…±è€—æ—¶ 0 ns å‘é€ 0 è¿”å› 0
è°ƒç”¨GetDataå…±è€—æ—¶ 35162820 ns
è°ƒç”¨PutDataå…±è€—æ—¶ 128949456 ns
æ¥å—åŠ å¯†æ•°æ®æ–‡ä»¶å…±è€—æ—¶ 0 ns
/home/asunalxh/data/variable-result-size/tpch-10000-1996-03-17.txt 1996-03-17

======== Start Addition ========
Total bucket count 65535
Tree height 15
Total numBucketLeaf 32768
Total bucket count 65535
Tree height 15
Total numBucketLeaf 32768

-------- add 10000 files--------

-------- add 20000 files--------

-------- add 30000 files--------

-------- add 40000 files--------

-------- add 50000 files--------

-------- add 60000 files--------

-------- add 70000 files--------

-------- add 80000 files--------

-------- add 90000 files--------

-------- add 100000 files--------
åŒ…æ‹¬åˆå§‹åŒ–æ€»ç”¨æ—¶ï¼š 5923253181704 ns
æ’å…¥æ€»ç”¨æ—¶ï¼š 5920258440008 ns
è°ƒç”¨GetData 132846326 æ¬¡ å…±è€—æ—¶ 766869105211 ns å‘é€ 670076282 è¿”å› 50221755880
è°ƒç”¨PutData 132977396 æ¬¡ï¼Œå…±è€—æ—¶ 2779624015309 ns å‘é€ 50271398382 è¿”å› 0
ä¼ é€åŠ å¯†åæ–‡ä»¶å…±è€—æ—¶ 52518188 ns å‘é€ 5883490 è¿”å› 0
è°ƒç”¨GetDataå…±è€—æ—¶ 739870897304 ns
è°ƒç”¨PutDataå…±è€—æ—¶ 2750716923883 ns
æ¥å—åŠ å¯†æ•°æ®æ–‡ä»¶å…±è€—æ—¶ 20862234 ns

======== Start To Search ========
result size 10000 
æœç´¢å…±è€—æ—¶ 315550473952 ns
è°ƒç”¨GetData 53954 æ¬¡ å…±è€—æ—¶ 353004021 ns å‘é€ 307271 è¿”å› 20432113
è°ƒç”¨PutData 53954 æ¬¡ï¼Œå…±è€—æ—¶ 1279353225 ns å‘é€ 20432113 è¿”å› 0
ä¼ é€åŠ å¯†åæ–‡ä»¶å…±è€—æ—¶ 0 ns å‘é€ 0 è¿”å› 0
è°ƒç”¨GetDataå…±è€—æ—¶ 336469449 ns
è°ƒç”¨PutDataå…±è€—æ—¶ 1252748771 ns
æ¥å—åŠ å¯†æ•°æ®æ–‡ä»¶å…±è€—æ—¶ 0 ns
/home/asunalxh/data/variable-result-size/tpch-5000-1996-03-16.txt 1996-03-16

======== Start Addition ========
Total bucket count 65535
Tree height 15
Total numBucketLeaf 32768
Total bucket count 65535
Tree height 15
Total numBucketLeaf 32768

-------- add 10000 files--------

-------- add 20000 files--------

-------- add 30000 files--------

-------- add 40000 files--------

-------- add 50000 files--------

-------- add 60000 files--------

-------- add 70000 files--------

-------- add 80000 files--------

-------- add 90000 files--------

-------- add 100000 files--------
åŒ…æ‹¬åˆå§‹åŒ–æ€»ç”¨æ—¶ï¼š 6011948367331 ns
æ’å…¥æ€»ç”¨æ—¶ï¼š 6008926622212 ns
è°ƒç”¨GetData 132845067 æ¬¡ å…±è€—æ—¶ 785415696866 ns å‘é€ 670067182 è¿”å› 50221277173
è°ƒç”¨PutData 132976137 æ¬¡ï¼Œå…±è€—æ—¶ 2813146764593 ns å‘é€ 50270919675 è¿”å› 0
ä¼ é€åŠ å¯†åæ–‡ä»¶å…±è€—æ—¶ 51541334 ns å‘é€ 5883490 è¿”å› 0
è°ƒç”¨GetDataå…±è€—æ—¶ 758267795492 ns
è°ƒç”¨PutDataå…±è€—æ—¶ 2783186189457 ns
æ¥å—åŠ å¯†æ•°æ®æ–‡ä»¶å…±è€—æ—¶ 17645846 ns

======== Start To Search ========
result size 5000 
æœç´¢å…±è€—æ—¶ 185018794481 ns
è°ƒç”¨GetData 45852 æ¬¡ å…±è€—æ—¶ 283857272 ns å‘é€ 259015 è¿”å› 17361811
è°ƒç”¨PutData 45852 æ¬¡ï¼Œå…±è€—æ—¶ 1061368226 ns å‘é€ 17361811 è¿”å› 0
ä¼ é€åŠ å¯†åæ–‡ä»¶å…±è€—æ—¶ 0 ns å‘é€ 0 è¿”å› 0
è°ƒç”¨GetDataå…±è€—æ—¶ 271539947 ns
è°ƒç”¨PutDataå…±è€—æ—¶ 1038719647 ns
æ¥å—åŠ å¯†æ•°æ®æ–‡ä»¶å…±è€—æ—¶ 0 ns
/home/asunalxh/data/variable-result-size/tpch-1000-1996-03-13.txt 1996-03-13

======== Start Addition ========
Total bucket count 65535
Tree height 15
Total numBucketLeaf 32768
Total bucket count 65535
Tree height 15
Total numBucketLeaf 32768

-------- add 10000 files--------

-------- add 20000 files--------

-------- add 30000 files--------

-------- add 40000 files--------

-------- add 50000 files--------

-------- add 60000 files--------

-------- add 70000 files--------

-------- add 80000 files--------

-------- add 90000 files--------

-------- add 100000 files--------
åŒ…æ‹¬åˆå§‹åŒ–æ€»ç”¨æ—¶ï¼š 5961099748722 ns
æ’å…¥æ€»ç”¨æ—¶ï¼š 5958085433844 ns
è°ƒç”¨GetData 132849188 æ¬¡ å…±è€—æ—¶ 776795155347 ns å‘é€ 670090007 è¿”å› 50222837131
è°ƒç”¨PutData 132980258 æ¬¡ï¼Œå…±è€—æ—¶ 2792453994614 ns å‘é€ 50272479633 è¿”å› 0
ä¼ é€åŠ å¯†åæ–‡ä»¶å…±è€—æ—¶ 51663914 ns å‘é€ 5883490 è¿”å› 0
è°ƒç”¨GetDataå…±è€—æ—¶ 749113421334 ns
è°ƒç”¨PutDataå…±è€—æ—¶ 2763173845491 ns
æ¥å—åŠ å¯†æ•°æ®æ–‡ä»¶å…±è€—æ—¶ 18826927 ns

======== Start To Search ========
result size 1000 
æœç´¢å…±è€—æ—¶ 29751659988 ns
è°ƒç”¨GetData 24628 æ¬¡ å…±è€—æ—¶ 147803952 ns å‘é€ 135343 è¿”å› 9321587
è°ƒç”¨PutData 24628 æ¬¡ï¼Œå…±è€—æ—¶ 544671889 ns å‘é€ 9321587 è¿”å› 0
ä¼ é€åŠ å¯†åæ–‡ä»¶å…±è€—æ—¶ 0 ns å‘é€ 0 è¿”å› 0
è°ƒç”¨GetDataå…±è€—æ—¶ 141880143 ns
è°ƒç”¨PutDataå…±è€—æ—¶ 536484736 ns
æ¥å—åŠ å¯†æ•°æ®æ–‡ä»¶å…±è€—æ—¶ 0 ns
/home/asunalxh/data/variable-result-size/tpch-500-1996-03-15.txt 1996-03-15

======== Start Addition ========
Total bucket count 65535
Tree height 15
Total numBucketLeaf 32768
Total bucket count 65535
Tree height 15
Total numBucketLeaf 32768

-------- add 10000 files--------

-------- add 20000 files--------

-------- add 30000 files--------

-------- add 40000 files--------

-------- add 50000 files--------

-------- add 60000 files--------

-------- add 70000 files--------

-------- add 80000 files--------

-------- add 90000 files--------

-------- add 100000 files--------
åŒ…æ‹¬åˆå§‹åŒ–æ€»ç”¨æ—¶ï¼š 6147313655605 ns
æ’å…¥æ€»ç”¨æ—¶ï¼š 6144302887132 ns
è°ƒç”¨GetData 132851500 æ¬¡ å…±è€—æ—¶ 811010638451 ns å‘é€ 670095297 è¿”å› 50223704797
è°ƒç”¨PutData 132982570 æ¬¡ï¼Œå…±è€—æ—¶ 2855553409983 ns å‘é€ 50273347299 è¿”å› 0
ä¼ é€åŠ å¯†åæ–‡ä»¶å…±è€—æ—¶ 53854645 ns å‘é€ 5883490 è¿”å› 0
è°ƒç”¨GetDataå…±è€—æ—¶ 782720618342 ns
è°ƒç”¨PutDataå…±è€—æ—¶ 2825615849493 ns
æ¥å—åŠ å¯†æ•°æ®æ–‡ä»¶å…±è€—æ—¶ 20901275 ns

======== Start To Search ========
result size 500 
æœç´¢å…±è€—æ—¶ 11913659725 ns
è°ƒç”¨GetData 16968 æ¬¡ å…±è€—æ—¶ 102259045 ns å‘é€ 92112 è¿”å› 6421176
è°ƒç”¨PutData 16968 æ¬¡ï¼Œå…±è€—æ—¶ 366457870 ns å‘é€ 6421176 è¿”å› 0
ä¼ é€åŠ å¯†åæ–‡ä»¶å…±è€—æ—¶ 0 ns å‘é€ 0 è¿”å› 0
è°ƒç”¨GetDataå…±è€—æ—¶ 98319923 ns
è°ƒç”¨PutDataå…±è€—æ—¶ 361682836 ns
æ¥å—åŠ å¯†æ•°æ®æ–‡ä»¶å…±è€—æ—¶ 0 ns
/home/asunalxh/data/variable-result-size/tpch-100-1996-03-14.txt 1996-03-14

======== Start Addition ========
Total bucket count 65535
Tree height 15
Total numBucketLeaf 32768
Total bucket count 65535
Tree height 15
Total numBucketLeaf 32768

-------- add 10000 files--------

-------- add 20000 files--------

-------- add 30000 files--------

-------- add 40000 files--------

-------- add 50000 files--------

-------- add 60000 files--------

-------- add 70000 files--------

-------- add 80000 files--------

-------- add 90000 files--------

-------- add 100000 files--------
åŒ…æ‹¬åˆå§‹åŒ–æ€»ç”¨æ—¶ï¼š 5934055108076 ns
æ’å…¥æ€»ç”¨æ—¶ï¼š 5931060811162 ns
è°ƒç”¨GetData 132841796 æ¬¡ å…±è€—æ—¶ 773304646003 ns å‘é€ 670055009 è¿”å› 50220044917
è°ƒç”¨PutData 132972866 æ¬¡ï¼Œå…±è€—æ—¶ 2777910068533 ns å‘é€ 50269687419 è¿”å› 0
ä¼ é€åŠ å¯†åæ–‡ä»¶å…±è€—æ—¶ 52198657 ns å‘é€ 5883490 è¿”å› 0
è°ƒç”¨GetDataå…±è€—æ—¶ 746108952233 ns
è°ƒç”¨PutDataå…±è€—æ—¶ 2748732245151 ns
æ¥å—åŠ å¯†æ•°æ®æ–‡ä»¶å…±è€—æ—¶ 17813625 ns

======== Start To Search ========
result size 100 
æœç´¢å…±è€—æ—¶ 1333963581 ns
è°ƒç”¨GetData 6359 æ¬¡ å…±è€—æ—¶ 37473515 ns å‘é€ 33712 è¿”å› 2405619
è°ƒç”¨PutData 6359 æ¬¡ï¼Œå…±è€—æ—¶ 134284415 ns å‘é€ 2405619 è¿”å› 0
ä¼ é€åŠ å¯†åæ–‡ä»¶å…±è€—æ—¶ 0 ns å‘é€ 0 è¿”å› 0
è°ƒç”¨GetDataå…±è€—æ—¶ 36091995 ns
è°ƒç”¨PutDataå…±è€—æ—¶ 132682912 ns
æ¥å—åŠ å¯†æ•°æ®æ–‡ä»¶å…±è€—æ—¶ 0 ns
(base) [01;32masunalxh@ubuntu[00m:[01;34m~/gRPC_Orion[00m$ exit
exit

Script done on 2022-06-03 17:48:58+08:00 [COMMAND_EXIT_CODE="0"]
