Script started on 2022-06-04 21:09:14+08:00 [TERM="screen.xterm-256color" TTY="/dev/pts/0" COLUMNS="120" LINES="30"]
(base) [01;32masunalxh@ubuntu[00m:[01;34m~/gRPC_Orion[00m$ bash run.sh 
/home/asunalxh/data/variable |DB|/enron-10w_enron-1k.txt enron

======== Start Addition ========
Total bucket count 65535
Tree height 15
Total numBucketLeaf 32768
Total bucket count 65535
Tree height 15
Total numBucketLeaf 32768

-------- add 10000 files--------

-------- add 20000 files--------

-------- add 30000 files--------

-------- add 40000 files--------

-------- add 50000 files--------

-------- add 60000 files--------

-------- add 70000 files--------

-------- add 80000 files--------

-------- add 90000 files--------

-------- add 100000 files--------
åŒ…æ‹¬åˆå§‹åŒ–æ€»ç”¨æ—¶ï¼š 6807215424352 ns
æ’å…¥æ€»ç”¨æ—¶ï¼š 6803263804976 ns
è°ƒç”¨GetData 132847070 æ¬¡ å…±è€—æ—¶ 946025511417 ns å‘é€ 670076996 è¿”å› 50222034106
è°ƒç”¨PutData 132978140 æ¬¡ï¼Œå…±è€—æ—¶ 3141673302141 ns å‘é€ 50271676608 è¿”å› 0
ä¼ é€åŠ å¯†åæ–‡ä»¶å…±è€—æ—¶ 64141841 ns å‘é€ 5200520 è¿”å› 0
è°ƒç”¨GetDataå…±è€—æ—¶ 911780449171 ns
è°ƒç”¨PutDataå…±è€—æ—¶ 3104849937923 ns
æ¥å—åŠ å¯†æ•°æ®æ–‡ä»¶å…±è€—æ—¶ 22096664 ns

======== Start To Search ========
result size 1000 
æœç´¢å…±è€—æ—¶ 27251953700 ns
è°ƒç”¨GetData 22578 æ¬¡ å…±è€—æ—¶ 167672044 ns å‘é€ 123711 è¿”å› 8545305
è°ƒç”¨PutData 22578 æ¬¡ï¼Œå…±è€—æ—¶ 552953747 ns å‘é€ 8545305 è¿”å› 0
ä¼ é€åŠ å¯†åæ–‡ä»¶å…±è€—æ—¶ 0 ns å‘é€ 0 è¿”å› 0
è°ƒç”¨GetDataå…±è€—æ—¶ 159582191 ns
è°ƒç”¨PutDataå…±è€—æ—¶ 542903611 ns
æ¥å—åŠ å¯†æ•°æ®æ–‡ä»¶å…±è€—æ—¶ 0 ns
/home/asunalxh/data/variable |DB|/enron-5w_enron-1k.txt enron

======== Start Addition ========
Total bucket count 32767
Tree height 14
Total numBucketLeaf 16384
Total bucket count 32767
Tree height 14
Total numBucketLeaf 16384

-------- add 10000 files--------

-------- add 20000 files--------

-------- add 30000 files--------

-------- add 40000 files--------

-------- add 50000 files--------
åŒ…æ‹¬åˆå§‹åŒ–æ€»ç”¨æ—¶ï¼š 2917479322818 ns
æ’å…¥æ€»ç”¨æ—¶ï¼š 2915852636745 ns
è°ƒç”¨GetData 56000273 æ¬¡ å…±è€—æ—¶ 431449578461 ns å‘é€ 276090801 è¿”å› 21164192630
è°ƒç”¨PutData 56065807 æ¬¡ï¼Œå…±è€—æ—¶ 1370827002971 ns å‘é€ 21188996988 è¿”å› 0
ä¼ é€åŠ å¯†åæ–‡ä»¶å…±è€—æ—¶ 32459048 ns å‘é€ 2598966 è¿”å› 0
è°ƒç”¨GetDataå…±è€—æ—¶ 416280944031 ns
è°ƒç”¨PutDataå…±è€—æ—¶ 1354752227876 ns
æ¥å—åŠ å¯†æ•°æ®æ–‡ä»¶å…±è€—æ—¶ 10845551 ns

======== Start To Search ========
result size 1000 
æœç´¢å…±è€—æ—¶ 14143141850 ns
è°ƒç”¨GetData 15406 æ¬¡ å…±è€—æ—¶ 144462042 ns å‘é€ 81479 è¿”å› 5827917
è°ƒç”¨PutData 15406 æ¬¡ï¼Œå…±è€—æ—¶ 368986742 ns å‘é€ 5827917 è¿”å› 0
ä¼ é€åŠ å¯†åæ–‡ä»¶å…±è€—æ—¶ 0 ns å‘é€ 0 è¿”å› 0
è°ƒç”¨GetDataå…±è€—æ—¶ 138840197 ns
è°ƒç”¨PutDataå…±è€—æ—¶ 362216264 ns
æ¥å—åŠ å¯†æ•°æ®æ–‡ä»¶å…±è€—æ—¶ 0 ns
/home/asunalxh/data/variable |DB|/enron-1w_enron-1k.txt enron

======== Start Addition ========
Total bucket count 8191
Tree height 12
Total numBucketLeaf 4096
Total bucket count 8191
Tree height 12
Total numBucketLeaf 4096

-------- add 10000 files--------
åŒ…æ‹¬åˆå§‹åŒ–æ€»ç”¨æ—¶ï¼š 371706982821 ns
æ’å…¥æ€»ç”¨æ—¶ï¼š 371270567550 ns
è°ƒç”¨GetData 7832531 æ¬¡ å…±è€—æ—¶ 57475767703 ns å‘é€ 37260981 è¿”å› 2958795044
è°ƒç”¨PutData 7848913 æ¬¡ï¼Œå…±è€—æ—¶ 188166216265 ns å‘é€ 2964987180 è¿”å› 0
ä¼ é€åŠ å¯†åæ–‡ä»¶å…±è€—æ—¶ 5892059 ns å‘é€ 518315 è¿”å› 0
è°ƒç”¨GetDataå…±è€—æ—¶ 55389570485 ns
è°ƒç”¨PutDataå…±è€—æ—¶ 185983248385 ns
æ¥å—åŠ å¯†æ•°æ®æ–‡ä»¶å…±è€—æ—¶ 2158845 ns

======== Start To Search ========
result size 1000 
æœç´¢å…±è€—æ—¶ 2700697963 ns
è°ƒç”¨GetData 5851 æ¬¡ å…±è€—æ—¶ 53608396 ns å‘é€ 29125 è¿”å› 2211548
è°ƒç”¨PutData 5851 æ¬¡ï¼Œå…±è€—æ—¶ 158135999 ns å‘é€ 2211548 è¿”å› 0
ä¼ é€åŠ å¯†åæ–‡ä»¶å…±è€—æ—¶ 0 ns å‘é€ 0 è¿”å› 0
è°ƒç”¨GetDataå…±è€—æ—¶ 51653793 ns
è°ƒç”¨PutDataå…±è€—æ—¶ 155967483 ns
æ¥å—åŠ å¯†æ•°æ®æ–‡ä»¶å…±è€—æ—¶ 0 ns
/home/asunalxh/data/variable |DB|/enron-5k_enron-1k.txt enron

======== Start Addition ========
Total bucket count 4095
Tree height 11
Total numBucketLeaf 2048
Total bucket count 4095
Tree height 11
Total numBucketLeaf 2048
åŒ…æ‹¬åˆå§‹åŒ–æ€»ç”¨æ—¶ï¼š 156561492678 ns
æ’å…¥æ€»ç”¨æ—¶ï¼š 156301941554 ns
è°ƒç”¨GetData 3140527 æ¬¡ å…±è€—æ—¶ 25989322920 ns å‘é€ 14786320 è¿”å› 1186202891
è°ƒç”¨PutData 3148717 æ¬¡ï¼Œå…±è€—æ—¶ 79794310396 ns å‘é€ 1189298451 è¿”å› 0
ä¼ é€åŠ å¯†åæ–‡ä»¶å…±è€—æ—¶ 3076121 ns å‘é€ 257774 è¿”å› 0
è°ƒç”¨GetDataå…±è€—æ—¶ 25104439589 ns
è°ƒç”¨PutDataå…±è€—æ—¶ 78892141374 ns
æ¥å—åŠ å¯†æ•°æ®æ–‡ä»¶å…±è€—æ—¶ 1113904 ns

======== Start To Search ========
result size 1000 
æœç´¢å…±è€—æ—¶ 966190168 ns
è°ƒç”¨GetData 3357 æ¬¡ å…±è€—æ—¶ 31487600 ns å‘é€ 16655 è¿”å› 1268816
è°ƒç”¨PutData 3357 æ¬¡ï¼Œå…±è€—æ—¶ 88300863 ns å‘é€ 1268816 è¿”å› 0
ä¼ é€åŠ å¯†åæ–‡ä»¶å…±è€—æ—¶ 0 ns å‘é€ 0 è¿”å› 0
è°ƒç”¨GetDataå…±è€—æ—¶ 30361656 ns
è°ƒç”¨PutDataå…±è€—æ—¶ 87180571 ns
æ¥å—åŠ å¯†æ•°æ®æ–‡ä»¶å…±è€—æ—¶ 0 ns
/home/asunalxh/data/variable |DB|/wiki-10w_refer-1k.txt refer

======== Start Addition ========
Total bucket count 65535
Tree height 15
Total numBucketLeaf 32768
Total bucket count 65535
Tree height 15
Total numBucketLeaf 32768

-------- add 10000 files--------

-------- add 20000 files--------

-------- add 30000 files--------

-------- add 40000 files--------

-------- add 50000 files--------

-------- add 60000 files--------

-------- add 70000 files--------

-------- add 80000 files--------

-------- add 90000 files--------

-------- add 100000 files--------
åŒ…æ‹¬åˆå§‹åŒ–æ€»ç”¨æ—¶ï¼š 7200747634613 ns
æ’å…¥æ€»ç”¨æ—¶ï¼š 7196542209142 ns
è°ƒç”¨GetData 132846731 æ¬¡ å…±è€—æ—¶ 1016474629695 ns å‘é€ 670077298 è¿”å› 50221907961
è°ƒç”¨PutData 132977801 æ¬¡ï¼Œå…±è€—æ—¶ 3238753280795 ns å‘é€ 50271550463 è¿”å› 0
ä¼ é€åŠ å¯†åæ–‡ä»¶å…±è€—æ—¶ 64176890 ns å‘é€ 5251852 è¿”å› 0
è°ƒç”¨GetDataå…±è€—æ—¶ 980669424786 ns
è°ƒç”¨PutDataå…±è€—æ—¶ 3200670472442 ns
æ¥å—åŠ å¯†æ•°æ®æ–‡ä»¶å…±è€—æ—¶ 22754332 ns

======== Start To Search ========
result size 1000 
æœç´¢å…±è€—æ—¶ 24969601232 ns
è°ƒç”¨GetData 21850 æ¬¡ å…±è€—æ—¶ 154594876 ns å‘é€ 119611 è¿”å› 8269661
è°ƒç”¨PutData 21850 æ¬¡ï¼Œå…±è€—æ—¶ 531232267 ns å‘é€ 8269661 è¿”å› 0
ä¼ é€åŠ å¯†åæ–‡ä»¶å…±è€—æ—¶ 0 ns å‘é€ 0 è¿”å› 0
è°ƒç”¨GetDataå…±è€—æ—¶ 147476669 ns
è°ƒç”¨PutDataå…±è€—æ—¶ 521140040 ns
æ¥å—åŠ å¯†æ•°æ®æ–‡ä»¶å…±è€—æ—¶ 0 ns
/home/asunalxh/data/variable |DB|/wiki-5w_refer-1k.txt refer

======== Start Addition ========
Total bucket count 32767
Tree height 14
Total numBucketLeaf 16384
Total bucket count 32767
Tree height 14
Total numBucketLeaf 16384

-------- add 10000 files--------

-------- add 20000 files--------

-------- add 30000 files--------

-------- add 40000 files--------

-------- add 50000 files--------
åŒ…æ‹¬åˆå§‹åŒ–æ€»ç”¨æ—¶ï¼š 2841321321655 ns
æ’å…¥æ€»ç”¨æ—¶ï¼š 2839725335705 ns
è°ƒç”¨GetData 55994257 æ¬¡ å…±è€—æ—¶ 410415084195 ns å‘é€ 276064029 è¿”å› 21161921890
è°ƒç”¨PutData 56059791 æ¬¡ï¼Œå…±è€—æ—¶ 1334913261809 ns å‘é€ 21186726248 è¿”å› 0
ä¼ é€åŠ å¯†åæ–‡ä»¶å…±è€—æ—¶ 30371250 ns å‘é€ 2624764 è¿”å› 0
è°ƒç”¨GetDataå…±è€—æ—¶ 395344700686 ns
è°ƒç”¨PutDataå…±è€—æ—¶ 1319305532784 ns
æ¥å—åŠ å¯†æ•°æ®æ–‡ä»¶å…±è€—æ—¶ 10775279 ns

======== Start To Search ========
result size 1000 
æœç´¢å…±è€—æ—¶ 12536021490 ns
è°ƒç”¨GetData 15023 æ¬¡ å…±è€—æ—¶ 101111397 ns å‘é€ 79357 è¿”å› 5682936
è°ƒç”¨PutData 15023 æ¬¡ï¼Œå…±è€—æ—¶ 356321229 ns å‘é€ 5682936 è¿”å› 0
ä¼ é€åŠ å¯†åæ–‡ä»¶å…±è€—æ—¶ 0 ns å‘é€ 0 è¿”å› 0
è°ƒç”¨GetDataå…±è€—æ—¶ 96563891 ns
è°ƒç”¨PutDataå…±è€—æ—¶ 350240564 ns
æ¥å—åŠ å¯†æ•°æ®æ–‡ä»¶å…±è€—æ—¶ 0 ns
/home/asunalxh/data/variable |DB|/wiki-1w_refer-1k.txt refer

======== Start Addition ========
Total bucket count 8191
Tree height 12
Total numBucketLeaf 4096
Total bucket count 8191
Tree height 12
Total numBucketLeaf 4096

-------- add 10000 files--------
åŒ…æ‹¬åˆå§‹åŒ–æ€»ç”¨æ—¶ï¼š 405410064620 ns
æ’å…¥æ€»ç”¨æ—¶ï¼š 404901178473 ns
è°ƒç”¨GetData 7832014 æ¬¡ å…±è€—æ—¶ 65180507698 ns å‘é€ 37258487 è¿”å› 2958599709
è°ƒç”¨PutData 7848396 æ¬¡ï¼Œå…±è€—æ—¶ 199613269528 ns å‘é€ 2964791845 è¿”å› 0
ä¼ é€åŠ å¯†åæ–‡ä»¶å…±è€—æ—¶ 6125864 ns å‘é€ 522363 è¿”å› 0
è°ƒç”¨GetDataå…±è€—æ—¶ 62850219993 ns
è°ƒç”¨PutDataå…±è€—æ—¶ 197293019433 ns
æ¥å—åŠ å¯†æ•°æ®æ–‡ä»¶å…±è€—æ—¶ 2257514 ns

======== Start To Search ========
result size 1000 
æœç´¢å…±è€—æ—¶ 2558266620 ns
è°ƒç”¨GetData 5748 æ¬¡ å…±è€—æ—¶ 53174326 ns å‘é€ 28610 è¿”å› 2172614
è°ƒç”¨PutData 5748 æ¬¡ï¼Œå…±è€—æ—¶ 156926557 ns å‘é€ 2172614 è¿”å› 0
ä¼ é€åŠ å¯†åæ–‡ä»¶å…±è€—æ—¶ 0 ns å‘é€ 0 è¿”å› 0
è°ƒç”¨GetDataå…±è€—æ—¶ 51135448 ns
è°ƒç”¨PutDataå…±è€—æ—¶ 154828118 ns
æ¥å—åŠ å¯†æ•°æ®æ–‡ä»¶å…±è€—æ—¶ 0 ns
/home/asunalxh/data/variable |DB|/wiki-5k_refer-1k.txt refer

======== Start Addition ========
Total bucket count 4095
Tree height 11
Total numBucketLeaf 2048
Total bucket count 4095
Tree height 11
Total numBucketLeaf 2048
åŒ…æ‹¬åˆå§‹åŒ–æ€»ç”¨æ—¶ï¼š 145089926601 ns
æ’å…¥æ€»ç”¨æ—¶ï¼š 144836967387 ns
è°ƒç”¨GetData 3140093 æ¬¡ å…±è€—æ—¶ 22918393665 ns å‘é€ 14784072 è¿”å› 1186038761
è°ƒç”¨PutData 3148283 æ¬¡ï¼Œå…±è€—æ—¶ 75390347176 ns å‘é€ 1189134321 è¿”å› 0
ä¼ é€åŠ å¯†åæ–‡ä»¶å…±è€—æ—¶ 2862131 ns å‘é€ 259627 è¿”å› 0
è°ƒç”¨GetDataå…±è€—æ—¶ 22102137953 ns
è°ƒç”¨PutDataå…±è€—æ—¶ 74545669948 ns
æ¥å—åŠ å¯†æ•°æ®æ–‡ä»¶å…±è€—æ—¶ 1011687 ns

======== Start To Search ========
result size 1000 
æœç´¢å…±è€—æ—¶ 729284069 ns
è°ƒç”¨GetData 3286 æ¬¡ å…±è€—æ—¶ 21868288 ns å‘é€ 16300 è¿”å› 1241978
è°ƒç”¨PutData 3286 æ¬¡ï¼Œå…±è€—æ—¶ 76730578 ns å‘é€ 1241978 è¿”å› 0
ä¼ é€åŠ å¯†åæ–‡ä»¶å…±è€—æ—¶ 0 ns å‘é€ 0 è¿”å› 0
è°ƒç”¨GetDataå…±è€—æ—¶ 20951953 ns
è°ƒç”¨PutDataå…±è€—æ—¶ 75745289 ns
æ¥å—åŠ å¯†æ•°æ®æ–‡ä»¶å…±è€—æ—¶ 0 ns
(base) [01;32masunalxh@ubuntu[00m:[01;34m~/gRPC_Orion[00m$ exit
exit

Script done on 2022-06-05 03:57:27+08:00 [COMMAND_EXIT_CODE="0"]
