Script started on 2022-06-04 14:42:10+08:00 [TERM="screen.xterm-256color" TTY="/dev/pts/0" COLUMNS="120" LINES="30"]
(base) [01;32masunalxh@ubuntu[00m:[01;34m~/gRPC_Orion[00m$ bash run.sh 
/home/asunalxh/data/variable |DB|/crime-100000-BATTERY.txt BATTERY

======== Start Addition ========
Total bucket count 65535
Tree height 15
Total numBucketLeaf 32768
Total bucket count 65535
Tree height 15
Total numBucketLeaf 32768

-------- add 10000 files--------

-------- add 20000 files--------

-------- add 30000 files--------

-------- add 40000 files--------

-------- add 50000 files--------

-------- add 60000 files--------

-------- add 70000 files--------

-------- add 80000 files--------

-------- add 90000 files--------

-------- add 100000 files--------
åŒ…æ‹¬åˆå§‹åŒ–æ€»ç”¨æ—¶ï¼š 5886352021072 ns
æ’å…¥æ€»ç”¨æ—¶ï¼š 5883051539320 ns
è°ƒç”¨GetData 132838589 æ¬¡ å…±è€—æ—¶ 782229465883 ns å‘é€ 670039785 è¿”å› 50218833482
è°ƒç”¨PutData 132969659 æ¬¡ï¼Œå…±è€—æ—¶ 2790220043171 ns å‘é€ 50268475984 è¿”å› 0
ä¼ é€åŠ å¯†åæ–‡ä»¶å…±è€—æ—¶ 49626525 ns å‘é€ 5352982 è¿”å› 0
è°ƒç”¨GetDataå…±è€—æ—¶ 750567364982 ns
è°ƒç”¨PutDataå…±è€—æ—¶ 2761506769808 ns
æ¥å—åŠ å¯†æ•°æ®æ–‡ä»¶å…±è€—æ—¶ 18002497 ns

======== Start To Search ========
result size 1000 
æœç´¢å…±è€—æ—¶ 26094546929 ns
è°ƒç”¨GetData 23055 æ¬¡ å…±è€—æ—¶ 143586394 ns å‘é€ 126451 è¿”å› 8725966
è°ƒç”¨PutData 23055 æ¬¡ï¼Œå…±è€—æ—¶ 519380606 ns å‘é€ 8725966 è¿”å› 0
ä¼ é€åŠ å¯†åæ–‡ä»¶å…±è€—æ—¶ 0 ns å‘é€ 0 è¿”å› 0
è°ƒç”¨GetDataå…±è€—æ—¶ 137122381 ns
è°ƒç”¨PutDataå…±è€—æ—¶ 511249711 ns
æ¥å—åŠ å¯†æ•°æ®æ–‡ä»¶å…±è€—æ—¶ 0 ns
/home/asunalxh/data/variable |DB|/crime-50000-BATTERY.txt BATTERY

======== Start Addition ========
Total bucket count 32767
Tree height 14
Total numBucketLeaf 16384
Total bucket count 32767
Tree height 14
Total numBucketLeaf 16384

-------- add 10000 files--------

-------- add 20000 files--------

-------- add 30000 files--------

-------- add 40000 files--------

-------- add 50000 files--------
åŒ…æ‹¬åˆå§‹åŒ–æ€»ç”¨æ—¶ï¼š 2404780975329 ns
æ’å…¥æ€»ç”¨æ—¶ï¼š 2403248930379 ns
è°ƒç”¨GetData 55992828 æ¬¡ å…±è€—æ—¶ 327817804370 ns å‘é€ 276058339 è¿”å› 21161383183
è°ƒç”¨PutData 56058362 æ¬¡ï¼Œå…±è€—æ—¶ 1179226801214 ns å‘é€ 21186187541 è¿”å› 0
ä¼ é€åŠ å¯†åæ–‡ä»¶å…±è€—æ—¶ 25250606 ns å‘é€ 2672254 è¿”å› 0
è°ƒç”¨GetDataå…±è€—æ—¶ 315502622643 ns
è°ƒç”¨PutDataå…±è€—æ—¶ 1166733924952 ns
æ¥å—åŠ å¯†æ•°æ®æ–‡ä»¶å…±è€—æ—¶ 9164851 ns

======== Start To Search ========
result size 1000 
æœç´¢å…±è€—æ—¶ 12983218222 ns
è°ƒç”¨GetData 15705 æ¬¡ å…±è€—æ—¶ 95254025 ns å‘é€ 83102 è¿”å› 5941067
è°ƒç”¨PutData 15705 æ¬¡ï¼Œå…±è€—æ—¶ 344564160 ns å‘é€ 5941067 è¿”å› 0
ä¼ é€åŠ å¯†åæ–‡ä»¶å…±è€—æ—¶ 0 ns å‘é€ 0 è¿”å› 0
è°ƒç”¨GetDataå…±è€—æ—¶ 91422440 ns
è°ƒç”¨PutDataå…±è€—æ—¶ 339462280 ns
æ¥å—åŠ å¯†æ•°æ®æ–‡ä»¶å…±è€—æ—¶ 0 ns
/home/asunalxh/data/variable |DB|/crime-10000-BATTERY.txt BATTERY

======== Start Addition ========
Total bucket count 8191
Tree height 12
Total numBucketLeaf 4096
Total bucket count 8191
Tree height 12
Total numBucketLeaf 4096

-------- add 10000 files--------
åŒ…æ‹¬åˆå§‹åŒ–æ€»ç”¨æ—¶ï¼š 309885084563 ns
æ’å…¥æ€»ç”¨æ—¶ï¼š 309506440450 ns
è°ƒç”¨GetData 7834750 æ¬¡ å…±è€—æ—¶ 45090865775 ns å‘é€ 37270019 è¿”å› 2959631769
è°ƒç”¨PutData 7851132 æ¬¡ï¼Œå…±è€—æ—¶ 162951007715 ns å‘é€ 2965823905 è¿”å› 0
ä¼ é€åŠ å¯†åæ–‡ä»¶å…±è€—æ—¶ 4865537 ns å‘é€ 528297 è¿”å› 0
è°ƒç”¨GetDataå…±è€—æ—¶ 43333276435 ns
è°ƒç”¨PutDataå…±è€—æ—¶ 161249945949 ns
æ¥å—åŠ å¯†æ•°æ®æ–‡ä»¶å…±è€—æ—¶ 1862349 ns

======== Start To Search ========
result size 1000 
æœç´¢å…±è€—æ—¶ 1869309530 ns
è°ƒç”¨GetData 5827 æ¬¡ å…±è€—æ—¶ 33603906 ns å‘é€ 29005 è¿”å› 2202476
è°ƒç”¨PutData 5827 æ¬¡ï¼Œå…±è€—æ—¶ 122245927 ns å‘é€ 2202476 è¿”å› 0
ä¼ é€åŠ å¯†åæ–‡ä»¶å…±è€—æ—¶ 0 ns å‘é€ 0 è¿”å› 0
è°ƒç”¨GetDataå…±è€—æ—¶ 32255044 ns
è°ƒç”¨PutDataå…±è€—æ—¶ 120812271 ns
æ¥å—åŠ å¯†æ•°æ®æ–‡ä»¶å…±è€—æ—¶ 0 ns
/home/asunalxh/data/variable |DB|/crime-5000-BATTERY.txt BATTERY

======== Start Addition ========
Total bucket count 4095
Tree height 11
Total numBucketLeaf 2048
Total bucket count 4095
Tree height 11
Total numBucketLeaf 2048
åŒ…æ‹¬åˆå§‹åŒ–æ€»ç”¨æ—¶ï¼š 120561937818 ns
æ’å…¥æ€»ç”¨æ—¶ï¼š 120374278816 ns
è°ƒç”¨GetData 3139992 æ¬¡ å…±è€—æ—¶ 18070296774 ns å‘é€ 14783801 è¿”å› 1186000817
è°ƒç”¨PutData 3148182 æ¬¡ï¼Œå…±è€—æ—¶ 65251189961 ns å‘é€ 1189096377 è¿”å› 0
ä¼ é€åŠ å¯†åæ–‡ä»¶å…±è€—æ—¶ 2235471 ns å‘é€ 264893 è¿”å› 0
è°ƒç”¨GetDataå…±è€—æ—¶ 17381899392 ns
è°ƒç”¨PutDataå…±è€—æ—¶ 64588736567 ns
æ¥å—åŠ å¯†æ•°æ®æ–‡ä»¶å…±è€—æ—¶ 819833 ns

======== Start To Search ========
result size 1000 
æœç´¢å…±è€—æ—¶ 682588187 ns
è°ƒç”¨GetData 3358 æ¬¡ å…±è€—æ—¶ 19450727 ns å‘é€ 16660 è¿”å› 1269194
è°ƒç”¨PutData 3358 æ¬¡ï¼Œå…±è€—æ—¶ 70298257 ns å‘é€ 1269194 è¿”å› 0
ä¼ é€åŠ å¯†åæ–‡ä»¶å…±è€—æ—¶ 0 ns å‘é€ 0 è¿”å› 0
è°ƒç”¨GetDataå…±è€—æ—¶ 18700255 ns
è°ƒç”¨PutDataå…±è€—æ—¶ 69513222 ns
æ¥å—åŠ å¯†æ•°æ®æ–‡ä»¶å…±è€—æ—¶ 0 ns
/home/asunalxh/data/variable |DB|/tpch-100000-1996-03-13.txt 1996-03-13

======== Start Addition ========
Total bucket count 65535
Tree height 15
Total numBucketLeaf 32768
Total bucket count 65535
Tree height 15
Total numBucketLeaf 32768

-------- add 10000 files--------

-------- add 20000 files--------

-------- add 30000 files--------

-------- add 40000 files--------

-------- add 50000 files--------

-------- add 60000 files--------

-------- add 70000 files--------

-------- add 80000 files--------

-------- add 90000 files--------

-------- add 100000 files--------
åŒ…æ‹¬åˆå§‹åŒ–æ€»ç”¨æ—¶ï¼š 5977026147342 ns
æ’å…¥æ€»ç”¨æ—¶ï¼š 5973993710171 ns
è°ƒç”¨GetData 132843732 æ¬¡ å…±è€—æ—¶ 789159539738 ns å‘é€ 670062312 è¿”å› 50220774348
è°ƒç”¨PutData 132974802 æ¬¡ï¼Œå…±è€—æ—¶ 2823380375116 ns å‘é€ 50270416850 è¿”å› 0
ä¼ é€åŠ å¯†åæ–‡ä»¶å…±è€—æ—¶ 50755706 ns å‘é€ 5883490 è¿”å› 0
è°ƒç”¨GetDataå…±è€—æ—¶ 759778589168 ns
è°ƒç”¨PutDataå…±è€—æ—¶ 2793154570759 ns
æ¥å—åŠ å¯†æ•°æ®æ–‡ä»¶å…±è€—æ—¶ 18462099 ns

======== Start To Search ========
result size 1000 
æœç´¢å…±è€—æ—¶ 30435912578 ns
è°ƒç”¨GetData 24478 æ¬¡ å…±è€—æ—¶ 157067749 ns å‘é€ 134558 è¿”å› 9264852
è°ƒç”¨PutData 24478 æ¬¡ï¼Œå…±è€—æ—¶ 563503971 ns å‘é€ 9264852 è¿”å› 0
ä¼ é€åŠ å¯†åæ–‡ä»¶å…±è€—æ—¶ 0 ns å‘é€ 0 è¿”å› 0
è°ƒç”¨GetDataå…±è€—æ—¶ 150120532 ns
è°ƒç”¨PutDataå…±è€—æ—¶ 553559898 ns
æ¥å—åŠ å¯†æ•°æ®æ–‡ä»¶å…±è€—æ—¶ 0 ns
/home/asunalxh/data/variable |DB|/tpch-50000-1996-03-13.txt 1996-03-13

======== Start Addition ========
Total bucket count 32767
Tree height 14
Total numBucketLeaf 16384
Total bucket count 32767
Tree height 14
Total numBucketLeaf 16384

-------- add 10000 files--------

-------- add 20000 files--------

-------- add 30000 files--------

-------- add 40000 files--------

-------- add 50000 files--------
åŒ…æ‹¬åˆå§‹åŒ–æ€»ç”¨æ—¶ï¼š 2404411144586 ns
æ’å…¥æ€»ç”¨æ—¶ï¼š 2402867471901 ns
è°ƒç”¨GetData 55994161 æ¬¡ å…±è€—æ—¶ 328669467710 ns å‘é€ 276062994 è¿”å› 21161885047
è°ƒç”¨PutData 56059695 æ¬¡ï¼Œå…±è€—æ—¶ 1177408605839 ns å‘é€ 21186689405 è¿”å› 0
ä¼ é€åŠ å¯†åæ–‡ä»¶å…±è€—æ—¶ 24523402 ns å‘é€ 2933490 è¿”å› 0
è°ƒç”¨GetDataå…±è€—æ—¶ 316261386676 ns
è°ƒç”¨PutDataå…±è€—æ—¶ 1164716572027 ns
æ¥å—åŠ å¯†æ•°æ®æ–‡ä»¶å…±è€—æ—¶ 8951146 ns

======== Start To Search ========
result size 1000 
æœç´¢å…±è€—æ—¶ 15302271356 ns
è°ƒç”¨GetData 16708 æ¬¡ å…±è€—æ—¶ 109172544 ns å‘é€ 88602 è¿”å› 6320686
è°ƒç”¨PutData 16708 æ¬¡ï¼Œå…±è€—æ—¶ 373650922 ns å‘é€ 6320686 è¿”å› 0
ä¼ é€åŠ å¯†åæ–‡ä»¶å…±è€—æ—¶ 0 ns å‘é€ 0 è¿”å› 0
è°ƒç”¨GetDataå…±è€—æ—¶ 104315520 ns
è°ƒç”¨PutDataå…±è€—æ—¶ 367489884 ns
æ¥å—åŠ å¯†æ•°æ®æ–‡ä»¶å…±è€—æ—¶ 0 ns
/home/asunalxh/data/variable |DB|/tpch-10000-1996-03-13.txt 1996-03-13

======== Start Addition ========
Total bucket count 8191
Tree height 12
Total numBucketLeaf 4096
Total bucket count 8191
Tree height 12
Total numBucketLeaf 4096

-------- add 10000 files--------
åŒ…æ‹¬åˆå§‹åŒ–æ€»ç”¨æ—¶ï¼š 314121783438 ns
æ’å…¥æ€»ç”¨æ—¶ï¼š 313743380335 ns
è°ƒç”¨GetData 7836917 æ¬¡ å…±è€—æ—¶ 45563559272 ns å‘é€ 37280630 è¿”å› 2960450671
è°ƒç”¨PutData 7853299 æ¬¡ï¼Œå…±è€—æ—¶ 164765443829 ns å‘é€ 2966642807 è¿”å› 0
ä¼ é€åŠ å¯†åæ–‡ä»¶å…±è€—æ—¶ 4669039 ns å‘é€ 579873 è¿”å› 0
è°ƒç”¨GetDataå…±è€—æ—¶ 43836211679 ns
è°ƒç”¨PutDataå…±è€—æ—¶ 163013777670 ns
æ¥å—åŠ å¯†æ•°æ®æ–‡ä»¶å…±è€—æ—¶ 1845506 ns

======== Start To Search ========
result size 1000 
æœç´¢å…±è€—æ—¶ 2269983744 ns
è°ƒç”¨GetData 6304 æ¬¡ å…±è€—æ—¶ 38986838 ns å‘é€ 31390 è¿”å› 2382782
è°ƒç”¨PutData 6304 æ¬¡ï¼Œå…±è€—æ—¶ 133567290 ns å‘é€ 2382782 è¿”å› 0
ä¼ é€åŠ å¯†åæ–‡ä»¶å…±è€—æ—¶ 0 ns å‘é€ 0 è¿”å› 0
è°ƒç”¨GetDataå…±è€—æ—¶ 37457462 ns
è°ƒç”¨PutDataå…±è€—æ—¶ 131885226 ns
æ¥å—åŠ å¯†æ•°æ®æ–‡ä»¶å…±è€—æ—¶ 0 ns
/home/asunalxh/data/variable |DB|/tpch-5000-1996-03-13.txt 1996-03-13

======== Start Addition ========
Total bucket count 4095
Tree height 11
Total numBucketLeaf 2048
Total bucket count 4095
Tree height 11
Total numBucketLeaf 2048
åŒ…æ‹¬åˆå§‹åŒ–æ€»ç”¨æ—¶ï¼š 121538496963 ns
æ’å…¥æ€»ç”¨æ—¶ï¼š 121348407899 ns
è°ƒç”¨GetData 3139533 æ¬¡ å…±è€—æ—¶ 18074308567 ns å‘é€ 14781809 è¿”å› 1185827618
è°ƒç”¨PutData 3147723 æ¬¡ï¼Œå…±è€—æ—¶ 65753285275 ns å‘é€ 1188923178 è¿”å› 0
ä¼ é€åŠ å¯†åæ–‡ä»¶å…±è€—æ—¶ 2332518 ns å‘é€ 289873 è¿”å› 0
è°ƒç”¨GetDataå…±è€—æ—¶ 17377652554 ns
è°ƒç”¨PutDataå…±è€—æ—¶ 65060212513 ns
æ¥å—åŠ å¯†æ•°æ®æ–‡ä»¶å…±è€—æ—¶ 898163 ns

======== Start To Search ========
result size 1000 
æœç´¢å…±è€—æ—¶ 714464955 ns
è°ƒç”¨GetData 3435 æ¬¡ å…±è€—æ—¶ 20029194 ns å‘é€ 17045 è¿”å› 1298300
è°ƒç”¨PutData 3435 æ¬¡ï¼Œå…±è€—æ—¶ 72074968 ns å‘é€ 1298300 è¿”å› 0
ä¼ é€åŠ å¯†åæ–‡ä»¶å…±è€—æ—¶ 0 ns å‘é€ 0 è¿”å› 0
è°ƒç”¨GetDataå…±è€—æ—¶ 19194716 ns
è°ƒç”¨PutDataå…±è€—æ—¶ 71273910 ns
æ¥å—åŠ å¯†æ•°æ®æ–‡ä»¶å…±è€—æ—¶ 0 ns
(base) [01;32masunalxh@ubuntu[00m:[01;34m~/gRPC_Orion[00m$ exit
exit

Script done on 2022-06-04 21:06:12+08:00 [COMMAND_EXIT_CODE="0"]
