Script started on 2022-06-06 19:30:38+08:00 [TERM="screen.xterm-256color" TTY="/dev/pts/0" COLUMNS="120" LINES="30"]
(base) [01;32masunalxh@ubuntu[00m:[01;34m~/gRPC_Orion[00m$ bash run.sh 
/home/asunalxh/data/variable-result-size/crime-variable-result-size.txt

======== Start Addition ========
Total bucket count 65535
Tree height 15
Total numBucketLeaf 32768
Total bucket count 65535
Tree height 15
Total numBucketLeaf 32768

-------- add 10000 files--------

-------- add 20000 files--------

-------- add 30000 files--------

-------- add 40000 files--------

-------- add 50000 files--------

-------- add 60000 files--------

-------- add 70000 files--------

-------- add 80000 files--------

-------- add 90000 files--------

-------- add 100000 files--------

======== Start To Search ========
result size 10000 
æœç´¢å…±è€—æ—¶ 131067583655 ns
è°ƒç”¨GetData 132890917 æ¬¡ å…±è€—æ—¶ 772914777710 ns å‘é€ 670322693 è¿”å› 50238634734
è°ƒç”¨PutData 133021987 æ¬¡ï¼Œå…±è€—æ—¶ 2791178552950 ns å‘é€ 50288277236 è¿”å› 0
ä¼ é€åŠ å¯†åæ–‡ä»¶å…±è€—æ—¶ 49781303 ns å‘é€ 5366362 è¿”å› 0
è°ƒç”¨GetDataå…±è€—æ—¶ 745420053313 ns
è°ƒç”¨PutDataå…±è€—æ—¶ 2761859129048 ns
æ¥å—åŠ å¯†æ•°æ®æ–‡ä»¶å…±è€—æ—¶ 17789113 ns

======== Start To Search ========
result size 5000 
æœç´¢å…±è€—æ—¶ 107643196937 ns
è°ƒç”¨GetData 37669 æ¬¡ å…±è€—æ—¶ 240325377 ns å‘é€ 210756 è¿”å› 14261293
è°ƒç”¨PutData 37669 æ¬¡ï¼Œå…±è€—æ—¶ 878732270 ns å‘é€ 14261293 è¿”å› 0
ä¼ é€åŠ å¯†åæ–‡ä»¶å…±è€—æ—¶ 0 ns å‘é€ 0 è¿”å› 0
è°ƒç”¨GetDataå…±è€—æ—¶ 229821417 ns
è°ƒç”¨PutDataå…±è€—æ—¶ 861665727 ns
æ¥å—åŠ å¯†æ•°æ®æ–‡ä»¶å…±è€—æ—¶ 0 ns

======== Start To Search ========
result size 1000 
æœç´¢å…±è€—æ—¶ 18129534095 ns
è°ƒç”¨GetData 19448 æ¬¡ å…±è€—æ—¶ 117694412 ns å‘é€ 106051 è¿”å› 7360155
è°ƒç”¨PutData 19448 æ¬¡ï¼Œå…±è€—æ—¶ 437794919 ns å‘é€ 7360155 è¿”å› 0
ä¼ é€åŠ å¯†åæ–‡ä»¶å…±è€—æ—¶ 0 ns å‘é€ 0 è¿”å› 0
è°ƒç”¨GetDataå…±è€—æ—¶ 112836518 ns
è°ƒç”¨PutDataå…±è€—æ—¶ 430749293 ns
æ¥å—åŠ å¯†æ•°æ®æ–‡ä»¶å…±è€—æ—¶ 0 ns

======== Start To Search ========
result size 500 
æœç´¢å…±è€—æ—¶ 8264468026 ns
è°ƒç”¨GetData 13815 æ¬¡ å…±è€—æ—¶ 83742139 ns å‘é€ 74559 è¿”å› 5227554
è°ƒç”¨PutData 13815 æ¬¡ï¼Œå…±è€—æ—¶ 304001647 ns å‘é€ 5227554 è¿”å› 0
ä¼ é€åŠ å¯†åæ–‡ä»¶å…±è€—æ—¶ 0 ns å‘é€ 0 è¿”å› 0
è°ƒç”¨GetDataå…±è€—æ—¶ 80396881 ns
è°ƒç”¨PutDataå…±è€—æ—¶ 299556227 ns
æ¥å—åŠ å¯†æ•°æ®æ–‡ä»¶å…±è€—æ—¶ 0 ns

======== Start To Search ========
result size 100 
æœç´¢å…±è€—æ—¶ 1050111040 ns
è°ƒç”¨GetData 5436 æ¬¡ å…±è€—æ—¶ 31692385 ns å‘é€ 28707 è¿”å› 2056335
è°ƒç”¨PutData 5436 æ¬¡ï¼Œå…±è€—æ—¶ 114825341 ns å‘é€ 2056335 è¿”å› 0
ä¼ é€åŠ å¯†åæ–‡ä»¶å…±è€—æ—¶ 0 ns å‘é€ 0 è¿”å› 0
è°ƒç”¨GetDataå…±è€—æ—¶ 30521613 ns
è°ƒç”¨PutDataå…±è€—æ—¶ 113444440 ns
æ¥å—åŠ å¯†æ•°æ®æ–‡ä»¶å…±è€—æ—¶ 0 ns

======== Start To Search ========
result size 10 
æœç´¢å…±è€—æ—¶ 64711977 ns
è°ƒç”¨GetData 1073 æ¬¡ å…±è€—æ—¶ 6171769 ns å‘é€ 5483 è¿”å› 405712
è°ƒç”¨PutData 1073 æ¬¡ï¼Œå…±è€—æ—¶ 22342308 ns å‘é€ 405712 è¿”å› 0
ä¼ é€åŠ å¯†åæ–‡ä»¶å…±è€—æ—¶ 0 ns å‘é€ 0 è¿”å› 0
è°ƒç”¨GetDataå…±è€—æ—¶ 5957108 ns
è°ƒç”¨PutDataå…±è€—æ—¶ 22076036 ns
æ¥å—åŠ å¯†æ•°æ®æ–‡ä»¶å…±è€—æ—¶ 0 ns
/home/asunalxh/data/variable-result-size/tpch-variable-result-size.txt

======== Start Addition ========
Total bucket count 65535
Tree height 15
Total numBucketLeaf 32768
Total bucket count 65535
Tree height 15
Total numBucketLeaf 32768

-------- add 10000 files--------

-------- add 20000 files--------

-------- add 30000 files--------

-------- add 40000 files--------

-------- add 50000 files--------

-------- add 60000 files--------

-------- add 70000 files--------

-------- add 80000 files--------

-------- add 90000 files--------

-------- add 100000 files--------

======== Start To Search ========
result size 10000 
æœç´¢å…±è€—æ—¶ 183997433883 ns
è°ƒç”¨GetData 132894086 æ¬¡ å…±è€—æ—¶ 779196165713 ns å‘é€ 670340613 è¿”å› 50239834691
è°ƒç”¨PutData 133025156 æ¬¡ï¼Œå…±è€—æ—¶ 2802815137832 ns å‘é€ 50289477193 è¿”å› 0
ä¼ é€åŠ å¯†åæ–‡ä»¶å…±è€—æ—¶ 50989697 ns å‘é€ 5883490 è¿”å› 0
è°ƒç”¨GetDataå…±è€—æ—¶ 751357625710 ns
è°ƒç”¨PutDataå…±è€—æ—¶ 2772687179762 ns
æ¥å—åŠ å¯†æ•°æ®æ–‡ä»¶å…±è€—æ—¶ 18823825 ns

======== Start To Search ========
result size 5000 
æœç´¢å…±è€—æ—¶ 71108855447 ns
è°ƒç”¨GetData 33124 æ¬¡ å…±è€—æ—¶ 222045860 ns å‘é€ 184247 è¿”å› 12539499
è°ƒç”¨PutData 33124 æ¬¡ï¼Œå…±è€—æ—¶ 759205932 ns å‘é€ 12539499 è¿”å› 0
ä¼ é€åŠ å¯†åæ–‡ä»¶å…±è€—æ—¶ 0 ns å‘é€ 0 è¿”å› 0
è°ƒç”¨GetDataå…±è€—æ—¶ 212413965 ns
è°ƒç”¨PutDataå…±è€—æ—¶ 746419348 ns
æ¥å—åŠ å¯†æ•°æ®æ–‡ä»¶å…±è€—æ—¶ 0 ns

======== Start To Search ========
result size 1000 
æœç´¢å…±è€—æ—¶ 8846271039 ns
è°ƒç”¨GetData 14536 æ¬¡ å…±è€—æ—¶ 85504417 ns å‘é€ 78587 è¿”å› 5500515
è°ƒç”¨PutData 14536 æ¬¡ï¼Œå…±è€—æ—¶ 313357649 ns å‘é€ 5500515 è¿”å› 0
ä¼ é€åŠ å¯†åæ–‡ä»¶å…±è€—æ—¶ 0 ns å‘é€ 0 è¿”å› 0
è°ƒç”¨GetDataå…±è€—æ—¶ 82231063 ns
è°ƒç”¨PutDataå…±è€—æ—¶ 309098332 ns
æ¥å—åŠ å¯†æ•°æ®æ–‡ä»¶å…±è€—æ—¶ 0 ns

======== Start To Search ========
result size 500 
æœç´¢å…±è€—æ—¶ 2512675215 ns
è°ƒç”¨GetData 8429 æ¬¡ å…±è€—æ—¶ 49310662 ns å‘é€ 44918 è¿”å› 3188935
è°ƒç”¨PutData 8429 æ¬¡ï¼Œå…±è€—æ—¶ 175820751 ns å‘é€ 3188935 è¿”å› 0
ä¼ é€åŠ å¯†åæ–‡ä»¶å…±è€—æ—¶ 0 ns å‘é€ 0 è¿”å› 0
è°ƒç”¨GetDataå…±è€—æ—¶ 47478283 ns
è°ƒç”¨PutDataå…±è€—æ—¶ 173770413 ns
æ¥å—åŠ å¯†æ•°æ®æ–‡ä»¶å…±è€—æ—¶ 0 ns

======== Start To Search ========
result size 100 
æœç´¢å…±è€—æ—¶ 232077384 ns
è°ƒç”¨GetData 2487 æ¬¡ å…±è€—æ—¶ 14035266 ns å‘é€ 12934 è¿”å› 940585
è°ƒç”¨PutData 2487 æ¬¡ï¼Œå…±è€—æ—¶ 50801102 ns å‘é€ 940585 è¿”å› 0
ä¼ é€åŠ å¯†åæ–‡ä»¶å…±è€—æ—¶ 0 ns å‘é€ 0 è¿”å› 0
è°ƒç”¨GetDataå…±è€—æ—¶ 13511340 ns
è°ƒç”¨PutDataå…±è€—æ—¶ 50228327 ns
æ¥å—åŠ å¯†æ•°æ®æ–‡ä»¶å…±è€—æ—¶ 0 ns

======== Start To Search ========
result size 10 
æœç´¢å…±è€—æ—¶ 22539003 ns
è°ƒç”¨GetData 515 æ¬¡ å…±è€—æ—¶ 2962773 ns å‘é€ 2582 è¿”å› 194677
è°ƒç”¨PutData 515 æ¬¡ï¼Œå…±è€—æ—¶ 10512522 ns å‘é€ 194677 è¿”å› 0
ä¼ é€åŠ å¯†åæ–‡ä»¶å…±è€—æ—¶ 0 ns å‘é€ 0 è¿”å› 0
è°ƒç”¨GetDataå…±è€—æ—¶ 2860466 ns
è°ƒç”¨PutDataå…±è€—æ—¶ 10405715 ns
æ¥å—åŠ å¯†æ•°æ®æ–‡ä»¶å…±è€—æ—¶ 0 ns
(base) [01;32masunalxh@ubuntu[00m:[01;34m~/gRPC_Orion[00m$ exit
exit

Script done on 2022-06-07 00:05:33+08:00 [COMMAND_EXIT_CODE="0"]
