Script started on 2022-06-07 00:08:24+08:00 [TERM="screen.xterm-256color" TTY="/dev/pts/0" COLUMNS="120" LINES="30"]
(base) [01;32masunalxh@ubuntu[00m:[01;34m~/gRPC_Orion[00m$ bash run.sh 
/home/asunalxh/data/variable-result-size/enron.txt

======== Start Addition ========
Total bucket count 65535
Tree height 15
Total numBucketLeaf 32768
Total bucket count 65535
Tree height 15
Total numBucketLeaf 32768

-------- add 10000 files--------

-------- add 20000 files--------

-------- add 30000 files--------

-------- add 40000 files--------

-------- add 50000 files--------

-------- add 60000 files--------

-------- add 70000 files--------

-------- add 80000 files--------

-------- add 90000 files--------

-------- add 100000 files--------

======== Start To Search ========
result size 10000 
æœç´¢å…±è€—æ—¶ 214988615286 ns
è°ƒç”¨GetData 132898182 æ¬¡ å…±è€—æ—¶ 776087289459 ns å‘é€ 670365176 è¿”å› 50241387062
è°ƒç”¨PutData 133029252 æ¬¡ï¼Œå…±è€—æ—¶ 2807274573063 ns å‘é€ 50291029564 è¿”å› 0
ä¼ é€åŠ å¯†åæ–‡ä»¶å…±è€—æ—¶ 47138594 ns å‘é€ 5172006 è¿”å› 0
è°ƒç”¨GetDataå…±è€—æ—¶ 746469830488 ns
è°ƒç”¨PutDataå…±è€—æ—¶ 2777643993336 ns
æ¥å—åŠ å¯†æ•°æ®æ–‡ä»¶å…±è€—æ—¶ 17579118 ns

======== Start To Search ========
result size 5000 
æœç´¢å…±è€—æ—¶ 175665817091 ns
è°ƒç”¨GetData 44871 æ¬¡ å…±è€—æ—¶ 297121300 ns å‘é€ 253210 è¿”å› 16990093
è°ƒç”¨PutData 44871 æ¬¡ï¼Œå…±è€—æ—¶ 1054502260 ns å‘é€ 16990093 è¿”å› 0
ä¼ é€åŠ å¯†åæ–‡ä»¶å…±è€—æ—¶ 0 ns å‘é€ 0 è¿”å› 0
è°ƒç”¨GetDataå…±è€—æ—¶ 282755715 ns
è°ƒç”¨PutDataå…±è€—æ—¶ 1034480892 ns
æ¥å—åŠ å¯†æ•°æ®æ–‡ä»¶å…±è€—æ—¶ 0 ns

======== Start To Search ========
result size 1000 
æœç´¢å…±è€—æ—¶ 22958461875 ns
è°ƒç”¨GetData 21728 æ¬¡ å…±è€—æ—¶ 134598632 ns å‘é€ 118882 è¿”å› 8223426
è°ƒç”¨PutData 21728 æ¬¡ï¼Œå…±è€—æ—¶ 497244714 ns å‘é€ 8223426 è¿”å› 0
ä¼ é€åŠ å¯†åæ–‡ä»¶å…±è€—æ—¶ 0 ns å‘é€ 0 è¿”å› 0
è°ƒç”¨GetDataå…±è€—æ—¶ 128673912 ns
è°ƒç”¨PutDataå…±è€—æ—¶ 489922899 ns
æ¥å—åŠ å¯†æ•°æ®æ–‡ä»¶å…±è€—æ—¶ 0 ns

======== Start To Search ========
result size 500 
æœç´¢å…±è€—æ—¶ 9491941853 ns
è°ƒç”¨GetData 14835 æ¬¡ å…±è€—æ—¶ 89905458 ns å‘é€ 80214 è¿”å› 5613669
è°ƒç”¨PutData 14835 æ¬¡ï¼Œå…±è€—æ—¶ 324977604 ns å‘é€ 5613669 è¿”å› 0
ä¼ é€åŠ å¯†åæ–‡ä»¶å…±è€—æ—¶ 0 ns å‘é€ 0 è¿”å› 0
è°ƒç”¨GetDataå…±è€—æ—¶ 86117885 ns
è°ƒç”¨PutDataå…±è€—æ—¶ 320393072 ns
æ¥å—åŠ å¯†æ•°æ®æ–‡ä»¶å…±è€—æ—¶ 0 ns

======== Start To Search ========
result size 100 
æœç´¢å…±è€—æ—¶ 1333917694 ns
è°ƒç”¨GetData 6136 æ¬¡ å…±è€—æ—¶ 36221352 ns å‘é€ 32492 è¿”å› 2321220
è°ƒç”¨PutData 6136 æ¬¡ï¼Œå…±è€—æ—¶ 129686650 ns å‘é€ 2321220 è¿”å› 0
ä¼ é€åŠ å¯†åæ–‡ä»¶å…±è€—æ—¶ 0 ns å‘é€ 0 è¿”å› 0
è°ƒç”¨GetDataå…±è€—æ—¶ 34713893 ns
è°ƒç”¨PutDataå…±è€—æ—¶ 128179242 ns
æ¥å—åŠ å¯†æ•°æ®æ–‡ä»¶å…±è€—æ—¶ 0 ns

======== Start To Search ========
result size 10 
æœç´¢å…±è€—æ—¶ 75796680 ns
è°ƒç”¨GetData 1206 æ¬¡ å…±è€—æ—¶ 6944327 ns å‘é€ 6178 è¿”å› 456016
è°ƒç”¨PutData 1206 æ¬¡ï¼Œå…±è€—æ—¶ 25031240 ns å‘é€ 456016 è¿”å› 0
ä¼ é€åŠ å¯†åæ–‡ä»¶å…±è€—æ—¶ 0 ns å‘é€ 0 è¿”å› 0
è°ƒç”¨GetDataå…±è€—æ—¶ 6677882 ns
è°ƒç”¨PutDataå…±è€—æ—¶ 24758208 ns
æ¥å—åŠ å¯†æ•°æ®æ–‡ä»¶å…±è€—æ—¶ 0 ns
/home/asunalxh/data/variable-result-size/wiki.txt

======== Start Addition ========
Total bucket count 65535
Tree height 15
Total numBucketLeaf 32768
Total bucket count 65535
Tree height 15
Total numBucketLeaf 32768

-------- add 10000 files--------

-------- add 20000 files--------

-------- add 30000 files--------

-------- add 40000 files--------

-------- add 50000 files--------

-------- add 60000 files--------

-------- add 70000 files--------

-------- add 80000 files--------

-------- add 90000 files--------

-------- add 100000 files--------

======== Start To Search ========
result size 10000 
æœç´¢å…±è€—æ—¶ 240587908852 ns
è°ƒç”¨GetData 132889659 æ¬¡ å…±è€—æ—¶ 773645957602 ns å‘é€ 670324400 è¿”å› 50238167207
è°ƒç”¨PutData 133020729 æ¬¡ï¼Œå…±è€—æ—¶ 2792077047378 ns å‘é€ 50287809709 è¿”å› 0
ä¼ é€åŠ å¯†åæ–‡ä»¶å…±è€—æ—¶ 47476508 ns å‘é€ 5219423 è¿”å› 0
è°ƒç”¨GetDataå…±è€—æ—¶ 744422184766 ns
è°ƒç”¨PutDataå…±è€—æ—¶ 2762682422842 ns
æ¥å—åŠ å¯†æ•°æ®æ–‡ä»¶å…±è€—æ—¶ 17417829 ns

======== Start To Search ========
result size 5000 
æœç´¢å…±è€—æ—¶ 136981272692 ns
è°ƒç”¨GetData 41476 æ¬¡ å…±è€—æ—¶ 267001916 ns å‘é€ 233165 è¿”å› 15703713
è°ƒç”¨PutData 41476 æ¬¡ï¼Œå…±è€—æ—¶ 963361131 ns å‘é€ 15703713 è¿”å› 0
ä¼ é€åŠ å¯†åæ–‡ä»¶å…±è€—æ—¶ 0 ns å‘é€ 0 è¿”å› 0
è°ƒç”¨GetDataå…±è€—æ—¶ 254538372 ns
è°ƒç”¨PutDataå…±è€—æ—¶ 944552236 ns
æ¥å—åŠ å¯†æ•°æ®æ–‡ä»¶å…±è€—æ—¶ 0 ns

======== Start To Search ========
result size 1000 
æœç´¢å…±è€—æ—¶ 23835295194 ns
è°ƒç”¨GetData 21913 æ¬¡ å…±è€—æ—¶ 133793913 ns å‘é€ 119962 è¿”å› 8293511
è°ƒç”¨PutData 21913 æ¬¡ï¼Œå…±è€—æ—¶ 485791951 ns å‘é€ 8293511 è¿”å› 0
ä¼ é€åŠ å¯†åæ–‡ä»¶å…±è€—æ—¶ 0 ns å‘é€ 0 è¿”å› 0
è°ƒç”¨GetDataå…±è€—æ—¶ 127829209 ns
è°ƒç”¨PutDataå…±è€—æ—¶ 478196921 ns
æ¥å—åŠ å¯†æ•°æ®æ–‡ä»¶å…±è€—æ—¶ 0 ns

======== Start To Search ========
result size 500 
æœç´¢å…±è€—æ—¶ 10377782453 ns
è°ƒç”¨GetData 15396 æ¬¡ å…±è€—æ—¶ 92081569 ns å‘é€ 83284 è¿”å› 5825992
è°ƒç”¨PutData 15396 æ¬¡ï¼Œå…±è€—æ—¶ 337736511 ns å‘é€ 5825992 è¿”å› 0
ä¼ é€åŠ å¯†åæ–‡ä»¶å…±è€—æ—¶ 0 ns å‘é€ 0 è¿”å› 0
è°ƒç”¨GetDataå…±è€—æ—¶ 88078208 ns
è°ƒç”¨PutDataå…±è€—æ—¶ 332894813 ns
æ¥å—åŠ å¯†æ•°æ®æ–‡ä»¶å…±è€—æ—¶ 0 ns

======== Start To Search ========
result size 100 
æœç´¢å…±è€—æ—¶ 1164439760 ns
è°ƒç”¨GetData 5737 æ¬¡ å…±è€—æ—¶ 33474307 ns å‘é€ 30356 è¿”å› 2170257
è°ƒç”¨PutData 5737 æ¬¡ï¼Œå…±è€—æ—¶ 120991639 ns å‘é€ 2170257 è¿”å› 0
ä¼ é€åŠ å¯†åæ–‡ä»¶å…±è€—æ—¶ 0 ns å‘é€ 0 è¿”å› 0
è°ƒç”¨GetDataå…±è€—æ—¶ 32080244 ns
è°ƒç”¨PutDataå…±è€—æ—¶ 119583765 ns
æ¥å—åŠ å¯†æ•°æ®æ–‡ä»¶å…±è€—æ—¶ 0 ns

======== Start To Search ========
result size 10 
æœç´¢å…±è€—æ—¶ 78535575 ns
è°ƒç”¨GetData 1205 æ¬¡ å…±è€—æ—¶ 6949975 ns å‘é€ 6161 è¿”å› 455626
è°ƒç”¨PutData 1205 æ¬¡ï¼Œå…±è€—æ—¶ 26203237 ns å‘é€ 455626 è¿”å› 0
ä¼ é€åŠ å¯†åæ–‡ä»¶å…±è€—æ—¶ 0 ns å‘é€ 0 è¿”å› 0
è°ƒç”¨GetDataå…±è€—æ—¶ 6688748 ns
è°ƒç”¨PutDataå…±è€—æ—¶ 25921608 ns
æ¥å—åŠ å¯†æ•°æ®æ–‡ä»¶å…±è€—æ—¶ 0 ns
(base) [01;32masunalxh@ubuntu[00m:[01;34m~/gRPC_Orion[00m$ exit
exit

Script done on 2022-06-07 14:57:10+08:00 [COMMAND_EXIT_CODE="0"]
